Copyright 1986-2020 Xilinx, Inc. All Rights Reserved.
------------------------------------------------------------------------------------
| Tool Version : Vivado v.2020.1 (lin64) Build 2902540 Wed May 27 19:54:35 MDT 2020
| Date         : Mon Dec  1 17:04:56 2025
| Host         : andi-ThinkPad-E14 running 64-bit Ubuntu 20.04.6 LTS
| Command      : report_drc -file out/post_imp_drc.rpt
| Design       : red_pitaya_top
| Device       : xc7z010clg400-1
| Speed File   : -1
| Design State : Fully Routed
------------------------------------------------------------------------------------

Report DRC

Table of Contents
-----------------
1. REPORT SUMMARY
2. REPORT DETAILS

1. REPORT SUMMARY
-----------------
            Netlist: red_pitaya_top
          Floorplan: design_1
      Design limits: <entire design considered>
           Ruledeck: default
             Max violations: <unlimited>
             Violations found: 65
+-----------+----------+-------------------------------------------------+------------+
| Rule      | Severity | Description                                     | Violations |
+-----------+----------+-------------------------------------------------+------------+
| DPIP-1    | Warning  | Input pipelining                                | 30         |
| DPOP-1    | Warning  | PREG Output pipelining                          | 18         |
| DPOP-2    | Warning  | MREG Output pipelining                          | 12         |
| RTSTAT-10 | Warning  | No routable loads                               | 1          |
| REQP-20   | Advisory | enum_AREG_0_connects_CEA1_GND_connects_CEA2_GND | 4          |
+-----------+----------+-------------------------------------------------+------------+

2. REPORT DETAILS
-----------------
DPIP-1#1 Warning
Input pipelining  
DSP i_lock/i_gen_ramp/i_mult_dps_error_pow/U0/i_mult/gDSP.gDSP_only.iDSP/inferred_dsp.reg_mult.m_reg_reg input i_lock/i_gen_ramp/i_mult_dps_error_pow/U0/i_mult/gDSP.gDSP_only.iDSP/inferred_dsp.reg_mult.m_reg_reg/A[29:0] is not pipelined. Pipelining DSP48 input will improve performance.
Related violations: <none>

DPIP-1#2 Warning
Input pipelining  
DSP i_lock/i_gen_ramp/i_mult_dps_error_pow/U0/i_mult/gDSP.gDSP_only.iDSP/inferred_dsp.reg_mult.m_reg_reg input i_lock/i_gen_ramp/i_mult_dps_error_pow/U0/i_mult/gDSP.gDSP_only.iDSP/inferred_dsp.reg_mult.m_reg_reg/B[17:0] is not pipelined. Pipelining DSP48 input will improve performance.
Related violations: <none>

DPIP-1#3 Warning
Input pipelining  
DSP i_lock/i_lock_pid_block_A/kd_mult input i_lock/i_lock_pid_block_A/kd_mult/A[29:0] is not pipelined. Pipelining DSP48 input will improve performance.
Related violations: <none>

DPIP-1#4 Warning
Input pipelining  
DSP i_lock/i_lock_pid_block_A/kd_mult input i_lock/i_lock_pid_block_A/kd_mult/B[17:0] is not pipelined. Pipelining DSP48 input will improve performance.
Related violations: <none>

DPIP-1#5 Warning
Input pipelining  
DSP i_lock/i_lock_pid_block_A/ki_mult_reg input i_lock/i_lock_pid_block_A/ki_mult_reg/A[29:0] is not pipelined. Pipelining DSP48 input will improve performance.
Related violations: <none>

DPIP-1#6 Warning
Input pipelining  
DSP i_lock/i_lock_pid_block_A/ki_mult_reg input i_lock/i_lock_pid_block_A/ki_mult_reg/B[17:0] is not pipelined. Pipelining DSP48 input will improve performance.
Related violations: <none>

DPIP-1#7 Warning
Input pipelining  
DSP i_lock/i_lock_pid_block_A/kp_mult input i_lock/i_lock_pid_block_A/kp_mult/A[29:0] is not pipelined. Pipelining DSP48 input will improve performance.
Related violations: <none>

DPIP-1#8 Warning
Input pipelining  
DSP i_lock/i_lock_pid_block_A/kp_mult input i_lock/i_lock_pid_block_A/kp_mult/B[17:0] is not pipelined. Pipelining DSP48 input will improve performance.
Related violations: <none>

DPIP-1#9 Warning
Input pipelining  
DSP i_lock/i_lock_pid_block_B/kd_mult input i_lock/i_lock_pid_block_B/kd_mult/A[29:0] is not pipelined. Pipelining DSP48 input will improve performance.
Related violations: <none>

DPIP-1#10 Warning
Input pipelining  
DSP i_lock/i_lock_pid_block_B/kd_mult input i_lock/i_lock_pid_block_B/kd_mult/B[17:0] is not pipelined. Pipelining DSP48 input will improve performance.
Related violations: <none>

DPIP-1#11 Warning
Input pipelining  
DSP i_lock/i_lock_pid_block_B/ki_mult_reg input i_lock/i_lock_pid_block_B/ki_mult_reg/A[29:0] is not pipelined. Pipelining DSP48 input will improve performance.
Related violations: <none>

DPIP-1#12 Warning
Input pipelining  
DSP i_lock/i_lock_pid_block_B/ki_mult_reg input i_lock/i_lock_pid_block_B/ki_mult_reg/B[17:0] is not pipelined. Pipelining DSP48 input will improve performance.
Related violations: <none>

DPIP-1#13 Warning
Input pipelining  
DSP i_lock/i_lock_pid_block_B/kp_mult input i_lock/i_lock_pid_block_B/kp_mult/A[29:0] is not pipelined. Pipelining DSP48 input will improve performance.
Related violations: <none>

DPIP-1#14 Warning
Input pipelining  
DSP i_lock/i_lock_pid_block_B/kp_mult input i_lock/i_lock_pid_block_B/kp_mult/B[17:0] is not pipelined. Pipelining DSP48 input will improve performance.
Related violations: <none>

DPIP-1#15 Warning
Input pipelining  
DSP i_lock/i_mult_dps_cos_1f/U0/i_mult/gDSP.gDSP_only.iDSP/inferred_dsp.reg_mult.m_reg_reg input i_lock/i_mult_dps_cos_1f/U0/i_mult/gDSP.gDSP_only.iDSP/inferred_dsp.reg_mult.m_reg_reg/A[29:0] is not pipelined. Pipelining DSP48 input will improve performance.
Related violations: <none>

DPIP-1#16 Warning
Input pipelining  
DSP i_lock/i_mult_dps_cos_1f/U0/i_mult/gDSP.gDSP_only.iDSP/inferred_dsp.reg_mult.m_reg_reg input i_lock/i_mult_dps_cos_1f/U0/i_mult/gDSP.gDSP_only.iDSP/inferred_dsp.reg_mult.m_reg_reg/B[17:0] is not pipelined. Pipelining DSP48 input will improve performance.
Related violations: <none>

DPIP-1#17 Warning
Input pipelining  
DSP i_lock/i_mult_dps_cos_2f/U0/i_mult/gDSP.gDSP_only.iDSP/inferred_dsp.reg_mult.m_reg_reg input i_lock/i_mult_dps_cos_2f/U0/i_mult/gDSP.gDSP_only.iDSP/inferred_dsp.reg_mult.m_reg_reg/A[29:0] is not pipelined. Pipelining DSP48 input will improve performance.
Related violations: <none>

DPIP-1#18 Warning
Input pipelining  
DSP i_lock/i_mult_dps_cos_2f/U0/i_mult/gDSP.gDSP_only.iDSP/inferred_dsp.reg_mult.m_reg_reg input i_lock/i_mult_dps_cos_2f/U0/i_mult/gDSP.gDSP_only.iDSP/inferred_dsp.reg_mult.m_reg_reg/B[17:0] is not pipelined. Pipelining DSP48 input will improve performance.
Related violations: <none>

DPIP-1#19 Warning
Input pipelining  
DSP i_lock/i_mult_dps_cos_3f/U0/i_mult/gDSP.gDSP_only.iDSP/inferred_dsp.reg_mult.m_reg_reg input i_lock/i_mult_dps_cos_3f/U0/i_mult/gDSP.gDSP_only.iDSP/inferred_dsp.reg_mult.m_reg_reg/A[29:0] is not pipelined. Pipelining DSP48 input will improve performance.
Related violations: <none>

DPIP-1#20 Warning
Input pipelining  
DSP i_lock/i_mult_dps_cos_3f/U0/i_mult/gDSP.gDSP_only.iDSP/inferred_dsp.reg_mult.m_reg_reg input i_lock/i_mult_dps_cos_3f/U0/i_mult/gDSP.gDSP_only.iDSP/inferred_dsp.reg_mult.m_reg_reg/B[17:0] is not pipelined. Pipelining DSP48 input will improve performance.
Related violations: <none>

DPIP-1#21 Warning
Input pipelining  
DSP i_lock/i_mult_dps_cos_ref/U0/i_mult/gDSP.gDSP_only.iDSP/inferred_dsp.reg_mult.m_reg_reg input i_lock/i_mult_dps_cos_ref/U0/i_mult/gDSP.gDSP_only.iDSP/inferred_dsp.reg_mult.m_reg_reg/A[29:0] is not pipelined. Pipelining DSP48 input will improve performance.
Related violations: <none>

DPIP-1#22 Warning
Input pipelining  
DSP i_lock/i_mult_dps_cos_ref/U0/i_mult/gDSP.gDSP_only.iDSP/inferred_dsp.reg_mult.m_reg_reg input i_lock/i_mult_dps_cos_ref/U0/i_mult/gDSP.gDSP_only.iDSP/inferred_dsp.reg_mult.m_reg_reg/B[17:0] is not pipelined. Pipelining DSP48 input will improve performance.
Related violations: <none>

DPIP-1#23 Warning
Input pipelining  
DSP i_lock/i_mult_dps_sin_ref/U0/i_mult/gDSP.gDSP_only.iDSP/inferred_dsp.reg_mult.m_reg_reg input i_lock/i_mult_dps_sin_ref/U0/i_mult/gDSP.gDSP_only.iDSP/inferred_dsp.reg_mult.m_reg_reg/A[29:0] is not pipelined. Pipelining DSP48 input will improve performance.
Related violations: <none>

DPIP-1#24 Warning
Input pipelining  
DSP i_lock/i_mult_dps_sin_ref/U0/i_mult/gDSP.gDSP_only.iDSP/inferred_dsp.reg_mult.m_reg_reg input i_lock/i_mult_dps_sin_ref/U0/i_mult/gDSP.gDSP_only.iDSP/inferred_dsp.reg_mult.m_reg_reg/B[17:0] is not pipelined. Pipelining DSP48 input will improve performance.
Related violations: <none>

DPIP-1#25 Warning
Input pipelining  
DSP i_lock/i_mult_dps_sq_phas/U0/i_mult/gDSP.gDSP_only.iDSP/inferred_dsp.reg_mult.m_reg_reg input i_lock/i_mult_dps_sq_phas/U0/i_mult/gDSP.gDSP_only.iDSP/inferred_dsp.reg_mult.m_reg_reg/A[29:0] is not pipelined. Pipelining DSP48 input will improve performance.
Related violations: <none>

DPIP-1#26 Warning
Input pipelining  
DSP i_lock/i_mult_dps_sq_phas/U0/i_mult/gDSP.gDSP_only.iDSP/inferred_dsp.reg_mult.m_reg_reg input i_lock/i_mult_dps_sq_phas/U0/i_mult/gDSP.gDSP_only.iDSP/inferred_dsp.reg_mult.m_reg_reg/B[17:0] is not pipelined. Pipelining DSP48 input will improve performance.
Related violations: <none>

DPIP-1#27 Warning
Input pipelining  
DSP i_lock/i_mult_dps_sq_ref/U0/i_mult/gDSP.gDSP_only.iDSP/inferred_dsp.reg_mult.m_reg_reg input i_lock/i_mult_dps_sq_ref/U0/i_mult/gDSP.gDSP_only.iDSP/inferred_dsp.reg_mult.m_reg_reg/A[29:0] is not pipelined. Pipelining DSP48 input will improve performance.
Related violations: <none>

DPIP-1#28 Warning
Input pipelining  
DSP i_lock/i_mult_dps_sq_ref/U0/i_mult/gDSP.gDSP_only.iDSP/inferred_dsp.reg_mult.m_reg_reg input i_lock/i_mult_dps_sq_ref/U0/i_mult/gDSP.gDSP_only.iDSP/inferred_dsp.reg_mult.m_reg_reg/B[17:0] is not pipelined. Pipelining DSP48 input will improve performance.
Related violations: <none>

DPIP-1#29 Warning
Input pipelining  
DSP i_scope/i_dfilt1_cha/bb_mult input i_scope/i_dfilt1_cha/bb_mult/B[17:0] is not pipelined. Pipelining DSP48 input will improve performance.
Related violations: <none>

DPIP-1#30 Warning
Input pipelining  
DSP i_scope/i_dfilt1_chb/bb_mult input i_scope/i_dfilt1_chb/bb_mult/B[17:0] is not pipelined. Pipelining DSP48 input will improve performance.
Related violations: <none>

DPOP-1#1 Warning
PREG Output pipelining  
DSP i_lock/i_gen_ramp/i_mult_dps_error_pow/U0/i_mult/gDSP.gDSP_only.iDSP/inferred_dsp.reg_mult.m_reg_reg output i_lock/i_gen_ramp/i_mult_dps_error_pow/U0/i_mult/gDSP.gDSP_only.iDSP/inferred_dsp.reg_mult.m_reg_reg/P[47:0] is not pipelined (PREG=0). Pipelining the DSP48 output will improve performance and often saves power so it is suggested whenever possible to fully pipeline this function.  If this DSP48 function was inferred, it is suggested to describe an additional register stage after this function.  If the DSP48 was instantiated in the design, it is suggested to set the PREG attribute to 1.
Related violations: <none>

DPOP-1#2 Warning
PREG Output pipelining  
DSP i_lock/i_lock_pid_block_A/kd_mult output i_lock/i_lock_pid_block_A/kd_mult/P[47:0] is not pipelined (PREG=0). Pipelining the DSP48 output will improve performance and often saves power so it is suggested whenever possible to fully pipeline this function.  If this DSP48 function was inferred, it is suggested to describe an additional register stage after this function.  If the DSP48 was instantiated in the design, it is suggested to set the PREG attribute to 1.
Related violations: <none>

DPOP-1#3 Warning
PREG Output pipelining  
DSP i_lock/i_lock_pid_block_A/kp_mult output i_lock/i_lock_pid_block_A/kp_mult/P[47:0] is not pipelined (PREG=0). Pipelining the DSP48 output will improve performance and often saves power so it is suggested whenever possible to fully pipeline this function.  If this DSP48 function was inferred, it is suggested to describe an additional register stage after this function.  If the DSP48 was instantiated in the design, it is suggested to set the PREG attribute to 1.
Related violations: <none>

DPOP-1#4 Warning
PREG Output pipelining  
DSP i_lock/i_lock_pid_block_B/kd_mult output i_lock/i_lock_pid_block_B/kd_mult/P[47:0] is not pipelined (PREG=0). Pipelining the DSP48 output will improve performance and often saves power so it is suggested whenever possible to fully pipeline this function.  If this DSP48 function was inferred, it is suggested to describe an additional register stage after this function.  If the DSP48 was instantiated in the design, it is suggested to set the PREG attribute to 1.
Related violations: <none>

DPOP-1#5 Warning
PREG Output pipelining  
DSP i_lock/i_lock_pid_block_B/kp_mult output i_lock/i_lock_pid_block_B/kp_mult/P[47:0] is not pipelined (PREG=0). Pipelining the DSP48 output will improve performance and often saves power so it is suggested whenever possible to fully pipeline this function.  If this DSP48 function was inferred, it is suggested to describe an additional register stage after this function.  If the DSP48 was instantiated in the design, it is suggested to set the PREG attribute to 1.
Related violations: <none>

DPOP-1#6 Warning
PREG Output pipelining  
DSP i_lock/i_mult_dps_cos_1f/U0/i_mult/gDSP.gDSP_only.iDSP/inferred_dsp.reg_mult.m_reg_reg output i_lock/i_mult_dps_cos_1f/U0/i_mult/gDSP.gDSP_only.iDSP/inferred_dsp.reg_mult.m_reg_reg/P[47:0] is not pipelined (PREG=0). Pipelining the DSP48 output will improve performance and often saves power so it is suggested whenever possible to fully pipeline this function.  If this DSP48 function was inferred, it is suggested to describe an additional register stage after this function.  If the DSP48 was instantiated in the design, it is suggested to set the PREG attribute to 1.
Related violations: <none>

DPOP-1#7 Warning
PREG Output pipelining  
DSP i_lock/i_mult_dps_cos_2f/U0/i_mult/gDSP.gDSP_only.iDSP/inferred_dsp.reg_mult.m_reg_reg output i_lock/i_mult_dps_cos_2f/U0/i_mult/gDSP.gDSP_only.iDSP/inferred_dsp.reg_mult.m_reg_reg/P[47:0] is not pipelined (PREG=0). Pipelining the DSP48 output will improve performance and often saves power so it is suggested whenever possible to fully pipeline this function.  If this DSP48 function was inferred, it is suggested to describe an additional register stage after this function.  If the DSP48 was instantiated in the design, it is suggested to set the PREG attribute to 1.
Related violations: <none>

DPOP-1#8 Warning
PREG Output pipelining  
DSP i_lock/i_mult_dps_cos_3f/U0/i_mult/gDSP.gDSP_only.iDSP/inferred_dsp.reg_mult.m_reg_reg output i_lock/i_mult_dps_cos_3f/U0/i_mult/gDSP.gDSP_only.iDSP/inferred_dsp.reg_mult.m_reg_reg/P[47:0] is not pipelined (PREG=0). Pipelining the DSP48 output will improve performance and often saves power so it is suggested whenever possible to fully pipeline this function.  If this DSP48 function was inferred, it is suggested to describe an additional register stage after this function.  If the DSP48 was instantiated in the design, it is suggested to set the PREG attribute to 1.
Related violations: <none>

DPOP-1#9 Warning
PREG Output pipelining  
DSP i_lock/i_mult_dps_cos_ref/U0/i_mult/gDSP.gDSP_only.iDSP/inferred_dsp.reg_mult.m_reg_reg output i_lock/i_mult_dps_cos_ref/U0/i_mult/gDSP.gDSP_only.iDSP/inferred_dsp.reg_mult.m_reg_reg/P[47:0] is not pipelined (PREG=0). Pipelining the DSP48 output will improve performance and often saves power so it is suggested whenever possible to fully pipeline this function.  If this DSP48 function was inferred, it is suggested to describe an additional register stage after this function.  If the DSP48 was instantiated in the design, it is suggested to set the PREG attribute to 1.
Related violations: <none>

DPOP-1#10 Warning
PREG Output pipelining  
DSP i_lock/i_mult_dps_sin_ref/U0/i_mult/gDSP.gDSP_only.iDSP/inferred_dsp.reg_mult.m_reg_reg output i_lock/i_mult_dps_sin_ref/U0/i_mult/gDSP.gDSP_only.iDSP/inferred_dsp.reg_mult.m_reg_reg/P[47:0] is not pipelined (PREG=0). Pipelining the DSP48 output will improve performance and often saves power so it is suggested whenever possible to fully pipeline this function.  If this DSP48 function was inferred, it is suggested to describe an additional register stage after this function.  If the DSP48 was instantiated in the design, it is suggested to set the PREG attribute to 1.
Related violations: <none>

DPOP-1#11 Warning
PREG Output pipelining  
DSP i_lock/i_mult_dps_sq_phas/U0/i_mult/gDSP.gDSP_only.iDSP/inferred_dsp.reg_mult.m_reg_reg output i_lock/i_mult_dps_sq_phas/U0/i_mult/gDSP.gDSP_only.iDSP/inferred_dsp.reg_mult.m_reg_reg/P[47:0] is not pipelined (PREG=0). Pipelining the DSP48 output will improve performance and often saves power so it is suggested whenever possible to fully pipeline this function.  If this DSP48 function was inferred, it is suggested to describe an additional register stage after this function.  If the DSP48 was instantiated in the design, it is suggested to set the PREG attribute to 1.
Related violations: <none>

DPOP-1#12 Warning
PREG Output pipelining  
DSP i_lock/i_mult_dps_sq_ref/U0/i_mult/gDSP.gDSP_only.iDSP/inferred_dsp.reg_mult.m_reg_reg output i_lock/i_mult_dps_sq_ref/U0/i_mult/gDSP.gDSP_only.iDSP/inferred_dsp.reg_mult.m_reg_reg/P[47:0] is not pipelined (PREG=0). Pipelining the DSP48 output will improve performance and often saves power so it is suggested whenever possible to fully pipeline this function.  If this DSP48 function was inferred, it is suggested to describe an additional register stage after this function.  If the DSP48 was instantiated in the design, it is suggested to set the PREG attribute to 1.
Related violations: <none>

DPOP-1#13 Warning
PREG Output pipelining  
DSP i_scope/i_dfilt1_cha/kk_mult output i_scope/i_dfilt1_cha/kk_mult/P[47:0] is not pipelined (PREG=0). Pipelining the DSP48 output will improve performance and often saves power so it is suggested whenever possible to fully pipeline this function.  If this DSP48 function was inferred, it is suggested to describe an additional register stage after this function.  If the DSP48 was instantiated in the design, it is suggested to set the PREG attribute to 1.
Related violations: <none>

DPOP-1#14 Warning
PREG Output pipelining  
DSP i_scope/i_dfilt1_cha/pp_mult output i_scope/i_dfilt1_cha/pp_mult/P[47:0] is not pipelined (PREG=0). Pipelining the DSP48 output will improve performance and often saves power so it is suggested whenever possible to fully pipeline this function.  If this DSP48 function was inferred, it is suggested to describe an additional register stage after this function.  If the DSP48 was instantiated in the design, it is suggested to set the PREG attribute to 1.
Related violations: <none>

DPOP-1#15 Warning
PREG Output pipelining  
DSP i_scope/i_dfilt1_cha/r3_sum__0 output i_scope/i_dfilt1_cha/r3_sum__0/P[47:0] is not pipelined (PREG=0). Pipelining the DSP48 output will improve performance and often saves power so it is suggested whenever possible to fully pipeline this function.  If this DSP48 function was inferred, it is suggested to describe an additional register stage after this function.  If the DSP48 was instantiated in the design, it is suggested to set the PREG attribute to 1.
Related violations: <none>

DPOP-1#16 Warning
PREG Output pipelining  
DSP i_scope/i_dfilt1_chb/kk_mult output i_scope/i_dfilt1_chb/kk_mult/P[47:0] is not pipelined (PREG=0). Pipelining the DSP48 output will improve performance and often saves power so it is suggested whenever possible to fully pipeline this function.  If this DSP48 function was inferred, it is suggested to describe an additional register stage after this function.  If the DSP48 was instantiated in the design, it is suggested to set the PREG attribute to 1.
Related violations: <none>

DPOP-1#17 Warning
PREG Output pipelining  
DSP i_scope/i_dfilt1_chb/pp_mult output i_scope/i_dfilt1_chb/pp_mult/P[47:0] is not pipelined (PREG=0). Pipelining the DSP48 output will improve performance and often saves power so it is suggested whenever possible to fully pipeline this function.  If this DSP48 function was inferred, it is suggested to describe an additional register stage after this function.  If the DSP48 was instantiated in the design, it is suggested to set the PREG attribute to 1.
Related violations: <none>

DPOP-1#18 Warning
PREG Output pipelining  
DSP i_scope/i_dfilt1_chb/r3_sum__0 output i_scope/i_dfilt1_chb/r3_sum__0/P[47:0] is not pipelined (PREG=0). Pipelining the DSP48 output will improve performance and often saves power so it is suggested whenever possible to fully pipeline this function.  If this DSP48 function was inferred, it is suggested to describe an additional register stage after this function.  If the DSP48 was instantiated in the design, it is suggested to set the PREG attribute to 1.
Related violations: <none>

DPOP-2#1 Warning
MREG Output pipelining  
DSP i_lock/i_lock_pid_block_A/kd_mult multiplier stage i_lock/i_lock_pid_block_A/kd_mult/P[47:0] is not pipelined (MREG=0). Pipelining the multiplier function will improve performance and will save significant power so it is suggested whenever possible to fully pipeline this function.  If this multiplier was inferred, it is suggested to describe an additional register stage after this function.  If there is no registered adder/accumulator following the multiply function, two pipeline stages are suggested to allow both the MREG and PREG registers to be used.  If the DSP48 was instantiated in the design, it is suggested to set both the MREG and PREG attributes to 1 when performing multiply functions.
Related violations: <none>

DPOP-2#2 Warning
MREG Output pipelining  
DSP i_lock/i_lock_pid_block_A/ki_mult_reg multiplier stage i_lock/i_lock_pid_block_A/ki_mult_reg/P[47:0] is not pipelined (MREG=0). Pipelining the multiplier function will improve performance and will save significant power so it is suggested whenever possible to fully pipeline this function.  If this multiplier was inferred, it is suggested to describe an additional register stage after this function.  If there is no registered adder/accumulator following the multiply function, two pipeline stages are suggested to allow both the MREG and PREG registers to be used.  If the DSP48 was instantiated in the design, it is suggested to set both the MREG and PREG attributes to 1 when performing multiply functions.
Related violations: <none>

DPOP-2#3 Warning
MREG Output pipelining  
DSP i_lock/i_lock_pid_block_A/kp_mult multiplier stage i_lock/i_lock_pid_block_A/kp_mult/P[47:0] is not pipelined (MREG=0). Pipelining the multiplier function will improve performance and will save significant power so it is suggested whenever possible to fully pipeline this function.  If this multiplier was inferred, it is suggested to describe an additional register stage after this function.  If there is no registered adder/accumulator following the multiply function, two pipeline stages are suggested to allow both the MREG and PREG registers to be used.  If the DSP48 was instantiated in the design, it is suggested to set both the MREG and PREG attributes to 1 when performing multiply functions.
Related violations: <none>

DPOP-2#4 Warning
MREG Output pipelining  
DSP i_lock/i_lock_pid_block_B/kd_mult multiplier stage i_lock/i_lock_pid_block_B/kd_mult/P[47:0] is not pipelined (MREG=0). Pipelining the multiplier function will improve performance and will save significant power so it is suggested whenever possible to fully pipeline this function.  If this multiplier was inferred, it is suggested to describe an additional register stage after this function.  If there is no registered adder/accumulator following the multiply function, two pipeline stages are suggested to allow both the MREG and PREG registers to be used.  If the DSP48 was instantiated in the design, it is suggested to set both the MREG and PREG attributes to 1 when performing multiply functions.
Related violations: <none>

DPOP-2#5 Warning
MREG Output pipelining  
DSP i_lock/i_lock_pid_block_B/ki_mult_reg multiplier stage i_lock/i_lock_pid_block_B/ki_mult_reg/P[47:0] is not pipelined (MREG=0). Pipelining the multiplier function will improve performance and will save significant power so it is suggested whenever possible to fully pipeline this function.  If this multiplier was inferred, it is suggested to describe an additional register stage after this function.  If there is no registered adder/accumulator following the multiply function, two pipeline stages are suggested to allow both the MREG and PREG registers to be used.  If the DSP48 was instantiated in the design, it is suggested to set both the MREG and PREG attributes to 1 when performing multiply functions.
Related violations: <none>

DPOP-2#6 Warning
MREG Output pipelining  
DSP i_lock/i_lock_pid_block_B/kp_mult multiplier stage i_lock/i_lock_pid_block_B/kp_mult/P[47:0] is not pipelined (MREG=0). Pipelining the multiplier function will improve performance and will save significant power so it is suggested whenever possible to fully pipeline this function.  If this multiplier was inferred, it is suggested to describe an additional register stage after this function.  If there is no registered adder/accumulator following the multiply function, two pipeline stages are suggested to allow both the MREG and PREG registers to be used.  If the DSP48 was instantiated in the design, it is suggested to set both the MREG and PREG attributes to 1 when performing multiply functions.
Related violations: <none>

DPOP-2#7 Warning
MREG Output pipelining  
DSP i_scope/i_dfilt1_cha/bb_mult multiplier stage i_scope/i_dfilt1_cha/bb_mult/P[47:0] is not pipelined (MREG=0). Pipelining the multiplier function will improve performance and will save significant power so it is suggested whenever possible to fully pipeline this function.  If this multiplier was inferred, it is suggested to describe an additional register stage after this function.  If there is no registered adder/accumulator following the multiply function, two pipeline stages are suggested to allow both the MREG and PREG registers to be used.  If the DSP48 was instantiated in the design, it is suggested to set both the MREG and PREG attributes to 1 when performing multiply functions.
Related violations: <none>

DPOP-2#8 Warning
MREG Output pipelining  
DSP i_scope/i_dfilt1_cha/kk_mult multiplier stage i_scope/i_dfilt1_cha/kk_mult/P[47:0] is not pipelined (MREG=0). Pipelining the multiplier function will improve performance and will save significant power so it is suggested whenever possible to fully pipeline this function.  If this multiplier was inferred, it is suggested to describe an additional register stage after this function.  If there is no registered adder/accumulator following the multiply function, two pipeline stages are suggested to allow both the MREG and PREG registers to be used.  If the DSP48 was instantiated in the design, it is suggested to set both the MREG and PREG attributes to 1 when performing multiply functions.
Related violations: <none>

DPOP-2#9 Warning
MREG Output pipelining  
DSP i_scope/i_dfilt1_cha/pp_mult multiplier stage i_scope/i_dfilt1_cha/pp_mult/P[47:0] is not pipelined (MREG=0). Pipelining the multiplier function will improve performance and will save significant power so it is suggested whenever possible to fully pipeline this function.  If this multiplier was inferred, it is suggested to describe an additional register stage after this function.  If there is no registered adder/accumulator following the multiply function, two pipeline stages are suggested to allow both the MREG and PREG registers to be used.  If the DSP48 was instantiated in the design, it is suggested to set both the MREG and PREG attributes to 1 when performing multiply functions.
Related violations: <none>

DPOP-2#10 Warning
MREG Output pipelining  
DSP i_scope/i_dfilt1_chb/bb_mult multiplier stage i_scope/i_dfilt1_chb/bb_mult/P[47:0] is not pipelined (MREG=0). Pipelining the multiplier function will improve performance and will save significant power so it is suggested whenever possible to fully pipeline this function.  If this multiplier was inferred, it is suggested to describe an additional register stage after this function.  If there is no registered adder/accumulator following the multiply function, two pipeline stages are suggested to allow both the MREG and PREG registers to be used.  If the DSP48 was instantiated in the design, it is suggested to set both the MREG and PREG attributes to 1 when performing multiply functions.
Related violations: <none>

DPOP-2#11 Warning
MREG Output pipelining  
DSP i_scope/i_dfilt1_chb/kk_mult multiplier stage i_scope/i_dfilt1_chb/kk_mult/P[47:0] is not pipelined (MREG=0). Pipelining the multiplier function will improve performance and will save significant power so it is suggested whenever possible to fully pipeline this function.  If this multiplier was inferred, it is suggested to describe an additional register stage after this function.  If there is no registered adder/accumulator following the multiply function, two pipeline stages are suggested to allow both the MREG and PREG registers to be used.  If the DSP48 was instantiated in the design, it is suggested to set both the MREG and PREG attributes to 1 when performing multiply functions.
Related violations: <none>

DPOP-2#12 Warning
MREG Output pipelining  
DSP i_scope/i_dfilt1_chb/pp_mult multiplier stage i_scope/i_dfilt1_chb/pp_mult/P[47:0] is not pipelined (MREG=0). Pipelining the multiplier function will improve performance and will save significant power so it is suggested whenever possible to fully pipeline this function.  If this multiplier was inferred, it is suggested to describe an additional register stage after this function.  If there is no registered adder/accumulator following the multiply function, two pipeline stages are suggested to allow both the MREG and PREG registers to be used.  If the DSP48 was instantiated in the design, it is suggested to set both the MREG and PREG attributes to 1 when performing multiply functions.
Related violations: <none>

RTSTAT-10#1 Warning
No routable loads  
14 net(s) have no routable loads. The problem bus(es) and/or net(s) are i_lock/i_gen_ramp/i_mult_dps_error_pow/U0/i_mult/gDSP.gDSP_only.iDSP/P[0],
i_lock/i_gen_ramp/i_mult_dps_error_pow/U0/i_mult/gDSP.gDSP_only.iDSP/P[1],
i_lock/i_gen_ramp/i_mult_dps_error_pow/U0/i_mult/gDSP.gDSP_only.iDSP/P[2],
i_lock/i_gen_ramp/i_mult_dps_error_pow/U0/i_mult/gDSP.gDSP_only.iDSP/P[3],
i_lock/i_gen_ramp/i_mult_dps_error_pow/U0/i_mult/gDSP.gDSP_only.iDSP/P[4],
i_lock/i_gen_ramp/i_mult_dps_error_pow/U0/i_mult/gDSP.gDSP_only.iDSP/P[5],
i_lock/i_gen_ramp/i_mult_dps_error_pow/U0/i_mult/gDSP.gDSP_only.iDSP/P[6],
i_lock/i_gen_ramp/i_mult_dps_error_pow/U0/i_mult/gDSP.gDSP_only.iDSP/P[7],
i_lock/i_gen_ramp/i_mult_dps_error_pow/U0/i_mult/gDSP.gDSP_only.iDSP/P[8],
i_lock/i_gen_ramp/i_mult_dps_error_pow/U0/i_mult/gDSP.gDSP_only.iDSP/P[9],
i_lock/i_gen_ramp/i_mult_dps_error_pow/U0/i_mult/gDSP.gDSP_only.iDSP/P[10],
i_lock/i_gen_ramp/i_mult_dps_error_pow/U0/i_mult/gDSP.gDSP_only.iDSP/P[11],
i_lock/i_gen_ramp/i_mult_dps_error_pow/U0/i_mult/gDSP.gDSP_only.iDSP/P[26],
i_lock/i_gen_ramp/i_mult_dps_error_pow/U0/i_mult/gDSP.gDSP_only.iDSP/P[27].
Related violations: <none>

REQP-20#1 Advisory
enum_AREG_0_connects_CEA1_GND_connects_CEA2_GND  
i_lock/i_lock_pid_block_A/ki_mult_reg: When DSP48E1 attribute AREG is set to 0, the CEA1 and CEA2 pins should be tied to GND to save power.
Related violations: <none>

REQP-20#2 Advisory
enum_AREG_0_connects_CEA1_GND_connects_CEA2_GND  
i_lock/i_lock_pid_block_A/kp_mult: When DSP48E1 attribute AREG is set to 0, the CEA1 and CEA2 pins should be tied to GND to save power.
Related violations: <none>

REQP-20#3 Advisory
enum_AREG_0_connects_CEA1_GND_connects_CEA2_GND  
i_lock/i_lock_pid_block_B/ki_mult_reg: When DSP48E1 attribute AREG is set to 0, the CEA1 and CEA2 pins should be tied to GND to save power.
Related violations: <none>

REQP-20#4 Advisory
enum_AREG_0_connects_CEA1_GND_connects_CEA2_GND  
i_lock/i_lock_pid_block_B/kp_mult: When DSP48E1 attribute AREG is set to 0, the CEA1 and CEA2 pins should be tied to GND to save power.
Related violations: <none>


