Copyright 1986-2020 Xilinx, Inc. All Rights Reserved.
----------------------------------------------------------------------------------------------------------------
| Tool Version : Vivado v.2020.1 (lin64) Build 2902540 Wed May 27 19:54:35 MDT 2020
| Date         : Mon Dec  1 17:04:48 2025
| Host         : andi-ThinkPad-E14 running 64-bit Ubuntu 20.04.6 LTS
| Command      : report_timing -file out/post_route_timing.rpt -sort_by group -max_paths 100 -path_type summary
| Design       : red_pitaya_top
| Device       : 7z010-clg400
| Speed File   : -1  PRODUCTION 1.12 2019-11-22
----------------------------------------------------------------------------------------------------------------

Timing Report

Startpoint                     Endpoint                       Slack(ns)     
----------------------------------------------------------------------------
i_lock/i_gen_mod/cnt_reg_rep/CLKARDCLK
                               i_lock/i_lock_pid_block_B/i_sat14_int_i_52_psdsp/D
                                                              -12.067       
i_lock/i_gen_mod/cnt_reg_rep/CLKARDCLK
                               i_lock/i_lock_pid_block_B/i_sat14_int_i_52_psdsp_6/D
                                                              -12.060       
i_lock/i_gen_mod/cnt_reg_rep/CLKARDCLK
                               i_lock/i_lock_pid_block_B/kp_reg[15]_i_1_psdsp_1/D
                                                              -12.029       
i_lock/i_gen_mod/cnt_reg_rep/CLKARDCLK
                               i_lock/i_lock_pid_block_A/i_sat14_int_i_52_psdsp_1/D
                                                              -11.890       
i_lock/i_gen_mod/cnt_reg_rep/CLKARDCLK
                               i_lock/i_lock_pid_block_B/i_sat14_int_i_52_psdsp_3/D
                                                              -11.880       
i_lock/i_gen_mod/cnt_reg_rep/CLKARDCLK
                               i_lock/i_lock_pid_block_B/i_sat14_int_i_52_psdsp_5/D
                                                              -11.852       
i_lock/i_gen_mod/cnt_reg_rep/CLKARDCLK
                               i_lock/i_lock_pid_block_B/kp_reg[15]_i_1_psdsp_8/D
                                                              -11.845       
i_lock/i_gen_mod/cnt_reg_rep/CLKARDCLK
                               i_lock/i_lock_pid_block_B/i_sat14_int_i_52_psdsp_4/D
                                                              -11.812       
i_lock/i_gen_mod/cnt_reg_rep/CLKARDCLK
                               i_lock/i_lock_pid_block_A/kp_reg[15]_i_1_psdsp/D
                                                              -11.799       
i_lock/i_gen_mod/cnt_reg_rep/CLKARDCLK
                               i_lock/i_lock_pid_block_A/i_sat14_int_i_52_psdsp_3/D
                                                              -11.793       
i_lock/i_gen_mod/cnt_reg_rep/CLKARDCLK
                               i_lock/i_lock_pid_block_B/kp_reg[15]_i_1_psdsp_2/D
                                                              -11.792       
i_lock/i_gen_mod/cnt_reg_rep/CLKARDCLK
                               i_lock/i_lock_pid_block_A/kp_reg[15]_i_1_psdsp_5/D
                                                              -11.784       
i_lock/i_gen_mod/cnt_reg_rep/CLKARDCLK
                               i_lock/i_lock_pid_block_A/i_sat14_int_i_52_psdsp_2/D
                                                              -11.773       
i_lock/i_gen_mod/cnt_reg_rep/CLKARDCLK
                               i_lock/i_lock_pid_block_B/i_sat14_int_i_52_psdsp_9/D
                                                              -11.733       
i_lock/i_gen_mod/cnt_reg_rep/CLKARDCLK
                               i_lock/i_lock_pid_block_A/kp_reg[15]_i_1_psdsp_4/D
                                                              -11.721       
i_lock/i_gen_mod/cnt_reg_rep/CLKARDCLK
                               i_lock/i_lock_pid_block_A/kp_reg[15]_i_1_psdsp_8/D
                                                              -11.709       
i_lock/i_gen_mod/cnt_reg_rep/CLKARDCLK
                               i_lock/i_lock_pid_block_B/kp_reg[15]_i_1_psdsp_10/D
                                                              -11.669       
i_lock/i_gen_mod/cnt_reg_rep/CLKARDCLK
                               i_lock/i_lock_pid_block_A/kp_reg[15]_i_1_psdsp_3/D
                                                              -11.668       
i_lock/i_gen_mod/cnt_reg_rep/CLKARDCLK
                               i_lock/i_lock_pid_block_B/kp_reg[15]_i_1_psdsp_7/D
                                                              -11.656       
i_lock/i_gen_mod/cnt_reg_rep/CLKARDCLK
                               i_lock/i_lock_pid_block_A/kp_reg[15]_i_1_psdsp_6/D
                                                              -11.640       
i_lock/i_gen_mod/cnt_reg_rep/CLKARDCLK
                               i_lock/i_lock_pid_block_A/kp_reg[15]_i_1_psdsp_10/D
                                                              -11.632       
i_lock/i_gen_mod/cnt_reg_rep/CLKARDCLK
                               i_lock/i_lock_pid_block_A/i_sat14_int_i_52_psdsp_5/D
                                                              -11.624       
i_lock/i_gen_mod/cnt_reg_rep/CLKARDCLK
                               i_lock/i_lock_pid_block_A/i_sat14_int_i_52_psdsp_4/D
                                                              -11.590       
i_lock/i_gen_mod/cnt_reg_rep/CLKARDCLK
                               i_lock/i_lock_pid_block_B/i_sat14_int_i_52_psdsp_8/D
                                                              -11.585       
i_lock/i_gen_mod/cnt_reg_rep/CLKARDCLK
                               i_lock/i_lock_pid_block_B/kp_reg[15]_i_1_psdsp_11/D
                                                              -11.573       
i_lock/i_gen_mod/cnt_reg_rep/CLKARDCLK
                               i_lock/i_lock_pid_block_B/i_sat14_int_i_52_psdsp_13/D
                                                              -11.557       
i_lock/i_gen_mod/cnt_reg_rep/CLKARDCLK
                               i_lock/i_lock_pid_block_A/kp_reg[15]_i_1_psdsp_7/D
                                                              -11.551       
i_lock/i_gen_mod/cnt_reg_rep/CLKARDCLK
                               i_lock/i_lock_pid_block_A/i_sat14_int_i_52_psdsp_10/D
                                                              -11.549       
i_lock/i_gen_mod/cnt_reg_rep/CLKARDCLK
                               i_lock/i_lock_pid_block_A/i_sat14_int_i_52_psdsp_6/D
                                                              -11.508       
i_lock/i_gen_mod/cnt_reg_rep/CLKARDCLK
                               i_lock/i_lock_pid_block_B/i_sat14_int_i_52_psdsp_12/D
                                                              -11.507       
i_lock/i_gen_mod/cnt_reg_rep/CLKARDCLK
                               i_lock/i_lock_pid_block_A/i_sat14_int_i_52_psdsp_11/D
                                                              -11.464       
i_lock/i_gen_mod/cnt_reg_rep/CLKARDCLK
                               i_lock/i_lock_pid_block_A/kp_reg[15]_i_1_psdsp_1/D
                                                              -11.453       
i_lock/i_gen_mod/cnt_reg_rep/CLKARDCLK
                               i_lock/i_lock_pid_block_B/i_sat14_int_i_52_psdsp_11/D
                                                              -11.450       
i_lock/i_gen_mod/cnt_reg_rep/CLKARDCLK
                               i_lock/i_lock_pid_block_B/kp_reg[15]_i_1_psdsp/D
                                                              -11.397       
i_lock/i_gen_mod/cnt_reg_rep/CLKARDCLK
                               i_lock/i_lock_pid_block_B/i_sat14_int_i_52_psdsp_1/D
                                                              -11.373       
i_lock/i_gen_mod/cnt_reg_rep/CLKARDCLK
                               i_lock/i_lock_pid_block_A/i_sat14_int_i_52_psdsp/D
                                                              -11.361       
i_lock/i_gen_mod/cnt_reg_rep/CLKARDCLK
                               i_lock/i_lock_pid_block_A/i_sat14_int_i_52_psdsp_9/D
                                                              -11.350       
i_lock/i_gen_mod/cnt_reg_rep/CLKARDCLK
                               i_lock/i_lock_pid_block_A/kp_reg[15]_i_1_psdsp_2/D
                                                              -11.340       
i_lock/i_gen_mod/cnt_reg_rep/CLKARDCLK
                               i_lock/i_lock_pid_block_B/kp_reg[15]_i_1_psdsp_13/D
                                                              -11.310       
i_lock/i_gen_mod/cnt_reg_rep/CLKARDCLK
                               i_lock/i_lock_pid_block_B/kp_reg[15]_i_1_psdsp_12/D
                                                              -11.303       
i_lock/i_gen_mod/cnt_reg_rep/CLKARDCLK
                               i_lock/i_lock_pid_block_A/kp_reg[15]_i_1_psdsp_11/D
                                                              -11.280       
i_lock/i_gen_mod/cnt_reg_rep/CLKARDCLK
                               i_lock/i_lock_pid_block_B/i_sat14_int_i_52_psdsp_2/D
                                                              -11.268       
i_lock/i_gen_mod/cnt_reg_rep/CLKARDCLK
                               i_lock/i_lock_pid_block_B/kp_reg[15]_i_1_psdsp_5/D
                                                              -11.223       
i_lock/i_gen_mod/cnt_reg_rep/CLKARDCLK
                               i_lock/i_lock_pid_block_B/kp_reg[15]_i_1_psdsp_3/D
                                                              -11.217       
i_lock/i_gen_mod/cnt_reg_rep/CLKARDCLK
                               i_lock/i_lock_pid_block_B/kp_reg[15]_i_1_psdsp_4/D
                                                              -11.142       
i_lock/i_gen_mod/cnt_reg_rep/CLKARDCLK
                               i_lock/i_lock_pid_block_A/i_sat14_int_i_52_psdsp_13/D
                                                              -11.127       
i_lock/i_gen_mod/cnt_reg_rep/CLKARDCLK
                               i_lock/i_lock_pid_block_A/i_sat14_int_i_52_psdsp_12/D
                                                              -11.126       
i_lock/i_gen_mod/cnt_reg_rep/CLKARDCLK
                               i_lock/i_lock_pid_block_B/kp_reg[15]_i_1_psdsp_6/D
                                                              -11.118       
i_lock/i_gen_mod/cnt_reg_rep/CLKARDCLK
                               i_lock/i_lock_pid_block_B/kp_reg[15]_i_1_psdsp_9/D
                                                              -10.988       
i_lock/i_gen_mod/cnt_reg_rep/CLKARDCLK
                               i_lock/sys_rdata_reg[4]/D      -10.988       
i_lock/i_gen_mod/cnt_reg_rep/CLKARDCLK
                               i_lock/i_lock_pid_block_B/i_sat14_int_i_52_psdsp_7/D
                                                              -10.982       
i_lock/i_gen_mod/cnt_reg_rep/CLKARDCLK
                               i_lock/i_muxer5_scope2/out_reg[7]/D
                                                              -10.955       
i_lock/i_gen_mod/cnt_reg_rep/CLKARDCLK
                               i_lock/sys_rdata_reg[8]/D      -10.946       
i_lock/i_gen_mod/cnt_reg_rep/CLKARDCLK
                               i_lock/sys_rdata_reg[11]/D     -10.920       
i_lock/i_gen_mod/cnt_reg_rep/CLKARDCLK
                               i_lock/i_lock_pid_block_A/kp_reg[15]_i_1_psdsp_9/D
                                                              -10.899       
i_lock/i_gen_mod/cnt_reg_rep/CLKARDCLK
                               i_lock/i_lock_pid_block_B/i_sat14_int_i_52_psdsp_10/D
                                                              -10.883       
i_lock/i_gen_mod/cnt_reg_rep/CLKARDCLK
                               i_lock/i_lock_pid_block_A/i_sat14_int_i_52_psdsp_7/D
                                                              -10.880       
i_lock/i_gen_mod/cnt_reg_rep/CLKARDCLK
                               i_lock/i_lock_pid_block_A/i_sat14_int_i_52_psdsp_8/D
                                                              -10.807       
i_lock/i_gen_mod/cnt_reg_rep/CLKARDCLK
                               i_lock/i_muxer5_scope1/out_reg[7]/D
                                                              -10.786       
i_lock/i_gen_mod/cnt_reg_rep/CLKARDCLK
                               i_lock/i_lock_pid_block_A/kp_reg[15]_i_1_psdsp_13/D
                                                              -10.754       
i_lock/i_gen_mod/cnt_reg_rep/CLKARDCLK
                               i_lock/i_lock_pid_block_B/error_reg[13]/D
                                                              -10.752       
i_lock/i_gen_mod/cnt_reg_rep/CLKARDCLK
                               i_lock/sys_rdata_reg[7]/D      -10.696       
i_lock/i_gen_mod/cnt_reg_rep/CLKARDCLK
                               i_lock/sys_rdata_reg[9]/D      -10.696       
i_lock/i_gen_mod/cnt_reg_rep/CLKARDCLK
                               i_lock/sys_rdata_reg[3]/D      -10.686       
i_lock/i_gen_mod/cnt_reg_rep/CLKARDCLK
                               i_lock/i_muxer5_scope2/out_reg[8]/D
                                                              -10.663       
i_lock/i_gen_mod/cnt_reg_rep/CLKARDCLK
                               i_lock/i_lock_pid_block_B/error_reg[14]/D
                                                              -10.657       
i_lock/i_gen_mod/cnt_reg_rep/CLKARDCLK
                               i_lock/i_lock_pid_block_B/error_reg[12]/D
                                                              -10.641       
i_lock/i_gen_mod/cnt_reg_rep/CLKARDCLK
                               i_lock/i_lock_pid_block_B/error_reg[9]/D
                                                              -10.638       
i_lock/i_gen_mod/cnt_reg_rep/CLKARDCLK
                               i_lock/i_lock_pid_block_B/error_reg[11]/D
                                                              -10.617       
i_lock/i_gen_mod/cnt_reg_rep/CLKARDCLK
                               i_lock/i_muxer5_scope1/out_reg[8]/D
                                                              -10.607       
i_lock/i_gen_mod/cnt_reg_rep/CLKARDCLK
                               i_lock/sys_rdata_reg[29]/D     -10.595       
i_lock/i_gen_mod/cnt_reg_rep/CLKARDCLK
                               i_lock/sys_rdata_reg[31]/D     -10.580       
i_lock/i_gen_mod/cnt_reg_rep/CLKARDCLK
                               i_lock/i_muxer5_scope1/out_reg[9]/D
                                                              -10.572       
i_lock/i_gen_mod/cnt_reg_rep/CLKARDCLK
                               i_lock/sys_rdata_reg[30]/D     -10.572       
i_lock/i_gen_mod/cnt_reg_rep/CLKARDCLK
                               i_lock/i_muxer5_scope2/out_reg[10]/D
                                                              -10.565       
i_lock/i_gen_mod/cnt_reg_rep/CLKARDCLK
                               i_lock/i_muxer5_scope1/out_reg[3]/D
                                                              -10.557       
i_lock/i_gen_mod/cnt_reg_rep/CLKARDCLK
                               i_lock/sys_rdata_reg[2]/D      -10.554       
i_lock/i_gen_mod/cnt_reg_rep/CLKARDCLK
                               i_lock/i_lock_pid_block_B/error_reg[10]/D
                                                              -10.543       
i_lock/i_gen_mod/cnt_reg_rep/CLKARDCLK
                               i_lock/sys_rdata_reg[23]/D     -10.540       
i_lock/i_gen_mod/cnt_reg_rep/CLKARDCLK
                               i_lock/i_lock_pid_block_B/error_reg[8]/D
                                                              -10.527       
i_lock/i_gen_mod/cnt_reg_rep/CLKARDCLK
                               i_lock/i_muxer5_scope2/out_reg[6]/D
                                                              -10.523       
i_lock/i_gen_mod/cnt_reg_rep/CLKARDCLK
                               i_lock/sys_rdata_reg[10]/D     -10.510       
i_lock/i_gen_mod/cnt_reg_rep/CLKARDCLK
                               i_lock/i_muxer5_scope2/out_reg[4]/D
                                                              -10.507       
i_lock/i_gen_mod/cnt_reg_rep/CLKARDCLK
                               i_lock/sys_rdata_reg[15]/D     -10.485       
i_lock/i_gen_mod/cnt_reg_rep/CLKARDCLK
                               i_lock/i_lock_pid_block_A/kp_reg[15]_i_1_psdsp_12/D
                                                              -10.480       
i_lock/i_gen_mod/cnt_reg_rep/CLKARDCLK
                               i_lock/sys_rdata_reg[6]/D      -10.472       
i_lock/i_gen_mod/cnt_reg_rep/CLKARDCLK
                               i_lock/sys_rdata_reg[27]/D     -10.463       
i_lock/i_gen_mod/cnt_reg_rep/CLKARDCLK
                               i_lock/i_lock_pid_block_A/error_reg[13]/D
                                                              -10.456       
i_lock/i_gen_mod/cnt_reg_rep/CLKARDCLK
                               i_lock/sys_rdata_reg[18]/D     -10.453       
i_lock/i_gen_mod/cnt_reg_rep/CLKARDCLK
                               i_lock/sys_rdata_reg[16]/D     -10.444       
i_lock/i_gen_mod/cnt_reg_rep/CLKARDCLK
                               i_lock/sys_rdata_reg[22]/D     -10.443       
i_lock/i_gen_mod/cnt_reg_rep/CLKARDCLK
                               i_lock/sys_rdata_reg[12]/D     -10.441       
i_lock/i_gen_mod/cnt_reg_rep/CLKARDCLK
                               i_lock/i_muxer5_scope2/out_reg[3]/D
                                                              -10.431       
i_lock/i_gen_mod/cnt_reg_rep/CLKARDCLK
                               i_lock/i_muxer5_scope2/out_reg[2]/D
                                                              -10.417       
i_lock/i_gen_mod/cnt_reg_rep/CLKARDCLK
                               i_lock/sys_rdata_reg[14]/D     -10.412       
i_lock/i_gen_mod/cnt_reg_rep/CLKARDCLK
                               i_lock/sys_rdata_reg[25]/D     -10.393       
i_lock/i_gen_mod/cnt_reg_rep/CLKARDCLK
                               i_lock/sys_rdata_reg[28]/D     -10.392       
i_lock/i_gen_mod/cnt_reg_rep/CLKARDCLK
                               i_lock/sys_rdata_reg[13]/D     -10.374       
i_lock/i_gen_mod/cnt_reg_rep/CLKARDCLK
                               i_lock/i_lock_pid_block_A/error_reg[14]/D
                                                              -10.372       
i_lock/i_gen_mod/cnt_reg_rep/CLKARDCLK
                               i_lock/sys_rdata_reg[20]/D     -10.371       
i_lock/i_lock_pid_block_B/int_shr_reg_reg[2]/C
                               dac_dat_a_reg[2]/D             -8.310        
i_lock/i_lock_pid_block_A/int_shr_reg_reg[13]/C
                               dac_dat_a_reg[3]/D             -8.177        
i_lock/i_lock_pid_block_B/int_shr_reg_reg[2]/C
                               dac_dat_a_reg[1]/D             -8.067        
i_lock/i_lock_pid_block_B/int_shr_reg_reg[2]/C
                               dac_dat_b_reg[1]/D             -8.012        
i_lock/i_lock_pid_block_A/int_shr_reg_reg[13]/C
                               dac_dat_b_reg[12]/D            -7.999        
i_lock/i_lock_pid_block_A/int_shr_reg_reg[13]/C
                               dac_dat_a_reg[5]/D             -7.961        
i_lock/i_lock_pid_block_A/int_shr_reg_reg[13]/C
                               dac_dat_b_reg[7]/D             -7.842        
i_lock/i_lock_pid_block_B/int_shr_reg_reg[2]/C
                               dac_dat_a_reg[6]/D             -7.810        
i_lock/i_lock_pid_block_B/int_shr_reg_reg[2]/C
                               dac_dat_a_reg[11]/D            -7.668        
i_lock/i_lock_pid_block_A/int_shr_reg_reg[13]/C
                               dac_dat_b_reg[8]/D             -7.618        
i_lock/i_lock_pid_block_A/int_shr_reg_reg[13]/C
                               dac_dat_a_reg[8]/D             -7.600        
i_lock/i_lock_pid_block_A/int_shr_reg_reg[13]/C
                               dac_dat_a_reg[0]/D             -7.586        
i_lock/i_lock_pid_block_A/int_shr_reg_reg[13]/C
                               dac_dat_b_reg[3]/D             -7.560        
i_lock/i_lock_pid_block_B/int_shr_reg_reg[2]/C
                               dac_dat_b_reg[0]/D             -7.558        
i_lock/i_lock_pid_block_A/int_shr_reg_reg[13]/C
                               dac_dat_b_reg[9]/D             -7.516        
i_lock/i_lock_pid_block_B/int_shr_reg_reg[2]/C
                               dac_dat_a_reg[4]/D             -7.510        
i_lock/i_lock_pid_block_A/int_shr_reg_reg[13]/C
                               dac_dat_a_reg[10]/D            -7.488        
i_lock/i_lock_pid_block_B/int_shr_reg_reg[2]/C
                               dac_dat_b_reg[4]/D             -7.485        
i_lock/i_lock_pid_block_B/int_shr_reg_reg[2]/C
                               dac_dat_a_reg[7]/D             -7.482        
i_lock/i_lock_pid_block_B/int_shr_reg_reg[2]/C
                               dac_dat_b_reg[2]/D             -7.437        
i_lock/i_lock_pid_block_B/int_shr_reg_reg[2]/C
                               dac_dat_b_reg[11]/D            -7.367        
i_lock/i_lock_pid_block_A/int_shr_reg_reg[13]/C
                               dac_dat_a_reg[12]/D            -7.296        
i_lock/i_lock_pid_block_A/int_shr_reg_reg[13]/C
                               dac_dat_b_reg[10]/D            -7.249        
i_lock/i_lock_pid_block_A/int_shr_reg_reg[13]/C
                               dac_dat_b_reg[6]/D             -7.225        
i_lock/i_lock_pid_block_B/int_shr_reg_reg[2]/C
                               dac_dat_b_reg[5]/D             -7.219        
i_lock/i_lock_pid_block_A/int_shr_reg_reg[13]/C
                               dac_dat_a_reg[9]/D             -6.986        
i_lock/i_lock_pid_block_B/int_shr_reg_reg[2]/C
                               dac_dat_b_reg[13]/D            -6.657        
i_lock/i_lock_pid_block_B/int_shr_reg_reg[2]/C
                               dac_dat_a_reg[13]/D            -6.618        
dac_rst_reg/C                  oddr_dac_dat[0]/R              -1.913        
adc_rstn_reg/C                 i_lock/i_lock_ctrl/cnt_reg[29]/CLR
                                                              -1.702        
adc_rstn_reg/C                 i_lock/i_lock_ctrl/cnt_reg[30]/CLR
                                                              -1.702        
dac_rst_reg/C                  oddr_dac_dat[2]/R              -1.490        
dac_rst_reg/C                  oddr_dac_dat[4]/R              -1.200        
dac_rst_reg/C                  oddr_dac_dat[5]/R              -1.050        
dac_rst_reg/C                  oddr_dac_dat[10]/R             -0.533        
dac_rst_reg/C                  oddr_dac_dat[11]/R             -0.382        
pwm[2]/vcnt_r_reg[7]/C         pwm[2]/pwm_o_reg/D             -0.195        
pwm[0]/vcnt_r_reg[2]/C         pwm[0]/pwm_o_reg/D             -0.129        
pwm[3]/vcnt_r_reg[1]/C         pwm[3]/pwm_o_reg/D             -0.125        
dac_rst_reg/C                  oddr_dac_dat[6]/R              -0.086        
i_ps/system_i/system_i/axi_protocol_converter_0/inst/gen_axilite.gen_b2s_conv.axilite_b2s/SI_REG/aw.aw_pipe/m_payload_i_reg[1]/C
                               i_ps/system_i/system_i/axi_protocol_converter_0/inst/gen_axilite.gen_b2s_conv.axilite_b2s/WR.aw_channel_0/cmd_translator_0/wrap_cmd_0/wrap_cnt_r_reg[0]/CE
                                                              -0.083        
i_ps/system_i/system_i/axi_protocol_converter_0/inst/gen_axilite.gen_b2s_conv.axilite_b2s/SI_REG/aw.aw_pipe/m_payload_i_reg[1]/C
                               i_ps/system_i/system_i/axi_protocol_converter_0/inst/gen_axilite.gen_b2s_conv.axilite_b2s/WR.aw_channel_0/cmd_translator_0/wrap_cmd_0/wrap_cnt_r_reg[1]/CE
                                                              -0.083        
i_ps/system_i/system_i/axi_protocol_converter_0/inst/gen_axilite.gen_b2s_conv.axilite_b2s/SI_REG/aw.aw_pipe/m_payload_i_reg[1]/C
                               i_ps/system_i/system_i/axi_protocol_converter_0/inst/gen_axilite.gen_b2s_conv.axilite_b2s/WR.aw_channel_0/cmd_translator_0/wrap_cmd_0/wrap_cnt_r_reg[2]/CE
                                                              -0.083        
i_ps/system_i/system_i/axi_protocol_converter_0/inst/gen_axilite.gen_b2s_conv.axilite_b2s/RD.ar_channel_0/cmd_translator_0/wrap_cmd_0/sel_first_reg/C
                               i_ps/system_i/system_i/xadc/inst/AXI_LITE_IPIF_I/I_SLAVE_ATTACHMENT/I_DECODER/GEN_BKEND_CE_REGISTERS[16].ce_out_i_reg[16]/D
                                                              0.005         
i_ps/system_i/system_i/axi_protocol_converter_0/inst/gen_axilite.gen_b2s_conv.axilite_b2s/RD.ar_channel_0/cmd_translator_0/wrap_cmd_0/sel_first_reg/C
                               i_ps/system_i/system_i/xadc/inst/AXI_LITE_IPIF_I/I_SLAVE_ATTACHMENT/I_DECODER/GEN_BKEND_CE_REGISTERS[20].ce_out_i_reg[20]/D
                                                              0.007         
pwm[1]/vcnt_r_reg[1]/C         pwm[1]/pwm_o_reg/D             0.030         
i_ps/system_i/system_i/axi_protocol_converter_0/inst/gen_axilite.gen_b2s_conv.axilite_b2s/RD.ar_channel_0/cmd_translator_0/wrap_cmd_0/sel_first_reg/C
                               i_ps/system_i/system_i/xadc/inst/AXI_XADC_CORE_I/XADC_INST/DADDR[5]
                                                              0.054         
dac_rst_reg/C                  oddr_dac_dat[7]/R              0.065         
i_ps/system_i/system_i/xadc/inst/INTR_CTRLR_GEN_I.ip2bus_rdack_reg/C
                               i_ps/system_i/system_i/axi_protocol_converter_0/inst/gen_axilite.gen_b2s_conv.axilite_b2s/RD.ar_channel_0/cmd_translator_0/incr_cmd_0/axaddr_incr_reg[9]/D
                                                              0.076         
i_ps/system_i/system_i/axi_protocol_converter_0/inst/gen_axilite.gen_b2s_conv.axilite_b2s/RD.ar_channel_0/ar_cmd_fsm_0/FSM_sequential_state_reg[0]/C
                               i_ps/system_i/system_i/xadc/inst/AXI_LITE_IPIF_I/I_SLAVE_ATTACHMENT/I_DECODER/GEN_BKEND_CE_REGISTERS[4].ce_out_i_reg[4]/D
                                                              0.092         
i_ps/system_i/system_i/axi_protocol_converter_0/inst/gen_axilite.gen_b2s_conv.axilite_b2s/SI_REG/aw.aw_pipe/m_payload_i_reg[1]/C
                               i_ps/system_i/system_i/axi_protocol_converter_0/inst/gen_axilite.gen_b2s_conv.axilite_b2s/WR.aw_channel_0/cmd_translator_0/wrap_cmd_0/wrap_cnt_r_reg[3]/D
                                                              0.100         
i_ps/system_i/system_i/axi_protocol_converter_0/inst/gen_axilite.gen_b2s_conv.axilite_b2s/RD.ar_channel_0/cmd_translator_0/wrap_cmd_0/sel_first_reg/C
                               i_ps/system_i/system_i/xadc/inst/AXI_LITE_IPIF_I/I_SLAVE_ATTACHMENT/I_DECODER/GEN_BKEND_CE_REGISTERS[18].ce_out_i_reg[18]/D
                                                              0.121         
i_ps/system_i/system_i/axi_protocol_converter_0/inst/gen_axilite.gen_b2s_conv.axilite_b2s/RD.ar_channel_0/cmd_translator_0/wrap_cmd_0/sel_first_reg/C
                               i_ps/system_i/system_i/xadc/inst/AXI_LITE_IPIF_I/I_SLAVE_ATTACHMENT/I_DECODER/GEN_BKEND_CE_REGISTERS[22].ce_out_i_reg[22]/D
                                                              0.128         
i_ps/system_i/system_i/axi_protocol_converter_0/inst/gen_axilite.gen_b2s_conv.axilite_b2s/SI_REG/ar.ar_pipe/m_payload_i_reg[1]/C
                               i_ps/system_i/system_i/axi_protocol_converter_0/inst/gen_axilite.gen_b2s_conv.axilite_b2s/RD.ar_channel_0/cmd_translator_0/wrap_cmd_0/wrap_cnt_r_reg[0]/CE
                                                              0.129         
i_ps/system_i/system_i/axi_protocol_converter_0/inst/gen_axilite.gen_b2s_conv.axilite_b2s/SI_REG/ar.ar_pipe/m_payload_i_reg[1]/C
                               i_ps/system_i/system_i/axi_protocol_converter_0/inst/gen_axilite.gen_b2s_conv.axilite_b2s/RD.ar_channel_0/cmd_translator_0/wrap_cmd_0/wrap_cnt_r_reg[1]/CE
                                                              0.129         
i_ps/system_i/system_i/axi_protocol_converter_0/inst/gen_axilite.gen_b2s_conv.axilite_b2s/SI_REG/ar.ar_pipe/m_payload_i_reg[1]/C
                               i_ps/system_i/system_i/axi_protocol_converter_0/inst/gen_axilite.gen_b2s_conv.axilite_b2s/RD.ar_channel_0/cmd_translator_0/wrap_cmd_0/wrap_cnt_r_reg[2]/CE
                                                              0.129         
i_ps/system_i/system_i/xadc/inst/INTR_CTRLR_GEN_I.ip2bus_rdack_reg/C
                               i_ps/system_i/system_i/axi_protocol_converter_0/inst/gen_axilite.gen_b2s_conv.axilite_b2s/RD.ar_channel_0/cmd_translator_0/incr_cmd_0/axlen_cnt_reg[4]/CE
                                                              0.136         
i_ps/system_i/system_i/xadc/inst/INTR_CTRLR_GEN_I.ip2bus_rdack_reg/C
                               i_ps/system_i/system_i/axi_protocol_converter_0/inst/gen_axilite.gen_b2s_conv.axilite_b2s/RD.ar_channel_0/cmd_translator_0/incr_cmd_0/axlen_cnt_reg[6]/CE
                                                              0.136         
i_ps/system_i/system_i/xadc/inst/INTR_CTRLR_GEN_I.ip2bus_rdack_reg/C
                               i_ps/system_i/system_i/axi_protocol_converter_0/inst/gen_axilite.gen_b2s_conv.axilite_b2s/RD.ar_channel_0/cmd_translator_0/incr_cmd_0/axlen_cnt_reg[7]/CE
                                                              0.136         
i_ps/system_i/system_i/axi_protocol_converter_0/inst/gen_axilite.gen_b2s_conv.axilite_b2s/RD.ar_channel_0/cmd_translator_0/wrap_cmd_0/sel_first_reg/C
                               i_ps/system_i/system_i/xadc/inst/AXI_LITE_IPIF_I/I_SLAVE_ATTACHMENT/I_DECODER/GEN_BKEND_CE_REGISTERS[21].ce_out_i_reg[21]/D
                                                              0.147         
i_ps/system_i/system_i/axi_protocol_converter_0/inst/gen_axilite.gen_b2s_conv.axilite_b2s/RD.ar_channel_0/cmd_translator_0/wrap_cmd_0/sel_first_reg/C
                               i_ps/system_i/system_i/xadc/inst/AXI_LITE_IPIF_I/I_SLAVE_ATTACHMENT/I_DECODER/GEN_BKEND_CE_REGISTERS[6].ce_out_i_reg[6]/D
                                                              0.152         
i_ps/system_i/system_i/axi_protocol_converter_0/inst/gen_axilite.gen_b2s_conv.axilite_b2s/RD.ar_channel_0/cmd_translator_0/wrap_cmd_0/sel_first_reg/C
                               i_ps/system_i/system_i/xadc/inst/AXI_XADC_CORE_I/XADC_INST/DADDR[0]
                                                              0.153         
i_ps/system_i/system_i/xadc/inst/INTR_CTRLR_GEN_I.ip2bus_wrack_reg/C
                               i_ps/system_i/system_i/axi_protocol_converter_0/inst/gen_axilite.gen_b2s_conv.axilite_b2s/WR.aw_channel_0/cmd_translator_0/incr_cmd_0/axaddr_incr_reg[5]/CE
                                                              0.158         
i_ps/system_i/system_i/axi_protocol_converter_0/inst/gen_axilite.gen_b2s_conv.axilite_b2s/WR.aw_channel_0/aw_cmd_fsm_0/FSM_sequential_state_reg[0]/C
                               i_ps/system_i/system_i/axi_protocol_converter_0/inst/gen_axilite.gen_b2s_conv.axilite_b2s/WR.aw_channel_0/cmd_translator_0/wrap_cmd_0/wrap_second_len_r_reg[0]/D
                                                              0.159         
i_ps/system_i/system_i/processing_system7/inst/PS7_i/MAXIGP1ACLK
                               i_ps/system_i/system_i/xadc/inst/INTR_CTRLR_GEN_I.INTERRUPT_CONTROL_I/GEN_IP_IRPT_STATUS_REG[10].GEN_REG_STATUS.ip_irpt_status_reg_reg[10]/D
                                                              0.159         
dac_dat_a_reg[13]/C            oddr_dac_dat[13]/D2            0.165         
i_ps/system_i/system_i/axi_protocol_converter_0/inst/gen_axilite.gen_b2s_conv.axilite_b2s/RD.ar_channel_0/cmd_translator_0/wrap_cmd_0/sel_first_reg/C
                               i_ps/system_i/system_i/xadc/inst/AXI_LITE_IPIF_I/I_SLAVE_ATTACHMENT/I_DECODER/GEN_BKEND_CE_REGISTERS[9].ce_out_i_reg[9]/D
                                                              0.166         
i_ps/system_i/system_i/axi_protocol_converter_0/inst/gen_axilite.gen_b2s_conv.axilite_b2s/RD.ar_channel_0/cmd_translator_0/wrap_cmd_0/sel_first_reg/C
                               i_ps/system_i/system_i/xadc/inst/AXI_LITE_IPIF_I/I_SLAVE_ATTACHMENT/I_DECODER/GEN_BKEND_CE_REGISTERS[8].ce_out_i_reg[8]/D
                                                              0.166         
i_ps/system_i/system_i/xadc/inst/INTR_CTRLR_GEN_I.ip2bus_wrack_reg/C
                               i_ps/system_i/system_i/axi_protocol_converter_0/inst/gen_axilite.gen_b2s_conv.axilite_b2s/WR.aw_channel_0/cmd_translator_0/incr_cmd_0/axaddr_incr_reg[9]/D
                                                              0.168         
i_ps/system_i/system_i/processing_system7/inst/PS7_i/MAXIGP1ACLK
                               i_ps/system_i/system_i/xadc/inst/INTR_CTRLR_GEN_I.INTERRUPT_CONTROL_I/ip_irpt_enable_reg_reg[12]/CE
                                                              0.170         
i_ps/system_i/system_i/processing_system7/inst/PS7_i/MAXIGP1ACLK
                               i_ps/system_i/system_i/xadc/inst/INTR_CTRLR_GEN_I.INTERRUPT_CONTROL_I/ip_irpt_enable_reg_reg[14]/CE
                                                              0.170         
i_ps/system_i/system_i/processing_system7/inst/PS7_i/MAXIGP1ACLK
                               i_ps/system_i/system_i/xadc/inst/INTR_CTRLR_GEN_I.INTERRUPT_CONTROL_I/ip_irpt_enable_reg_reg[1]/CE
                                                              0.170         
i_ps/system_i/system_i/processing_system7/inst/PS7_i/MAXIGP1ACLK
                               i_ps/system_i/system_i/xadc/inst/INTR_CTRLR_GEN_I.INTERRUPT_CONTROL_I/ip_irpt_enable_reg_reg[2]/CE
                                                              0.170         
i_ps/system_i/system_i/processing_system7/inst/PS7_i/MAXIGP1ACLK
                               i_ps/system_i/system_i/xadc/inst/INTR_CTRLR_GEN_I.INTERRUPT_CONTROL_I/ip_irpt_enable_reg_reg[5]/CE
                                                              0.170         
i_ps/system_i/system_i/processing_system7/inst/PS7_i/MAXIGP1ACLK
                               i_ps/system_i/system_i/xadc/inst/INTR_CTRLR_GEN_I.INTERRUPT_CONTROL_I/ip_irpt_enable_reg_reg[9]/CE
                                                              0.170         
i_ps/system_i/system_i/axi_protocol_converter_0/inst/gen_axilite.gen_b2s_conv.axilite_b2s/RD.ar_channel_0/cmd_translator_0/wrap_cmd_0/sel_first_reg/C
                               i_ps/system_i/system_i/xadc/inst/AXI_LITE_IPIF_I/I_SLAVE_ATTACHMENT/I_DECODER/GEN_BKEND_CE_REGISTERS[3].ce_out_i_reg[3]/D
                                                              0.172         
i_ps/system_i/system_i/axi_protocol_converter_0/inst/gen_axilite.gen_b2s_conv.axilite_b2s/RD.ar_channel_0/cmd_translator_0/wrap_cmd_0/sel_first_reg/C
                               i_ps/system_i/system_i/xadc/inst/AXI_XADC_CORE_I/XADC_INST/DADDR[2]
                                                              0.172         
i_ps/system_i/system_i/axi_protocol_converter_0/inst/gen_axilite.gen_b2s_conv.axilite_b2s/WR.aw_channel_0/aw_cmd_fsm_0/FSM_sequential_state_reg[0]/C
                               i_ps/system_i/system_i/axi_protocol_converter_0/inst/gen_axilite.gen_b2s_conv.axilite_b2s/WR.aw_channel_0/cmd_translator_0/wrap_cmd_0/wrap_cnt_r_reg[2]/D
                                                              0.178         
i_ps/system_i/system_i/xadc/inst/INTR_CTRLR_GEN_I.ip2bus_wrack_reg/C
                               i_ps/system_i/system_i/axi_protocol_converter_0/inst/gen_axilite.gen_b2s_conv.axilite_b2s/WR.aw_channel_0/cmd_translator_0/incr_cmd_0/axaddr_incr_reg[10]/D
                                                              0.186         
i_ps/system_i/system_i/xadc/inst/INTR_CTRLR_GEN_I.ip2bus_wrack_reg/C
                               i_ps/system_i/system_i/axi_protocol_converter_0/inst/gen_axilite.gen_b2s_conv.axilite_b2s/WR.aw_channel_0/cmd_translator_0/incr_cmd_0/axlen_cnt_reg[4]/CE
                                                              0.187         
i_ps/system_i/system_i/xadc/inst/INTR_CTRLR_GEN_I.ip2bus_wrack_reg/C
                               i_ps/system_i/system_i/axi_protocol_converter_0/inst/gen_axilite.gen_b2s_conv.axilite_b2s/WR.aw_channel_0/cmd_translator_0/incr_cmd_0/axlen_cnt_reg[5]/CE
                                                              0.187         
i_ps/system_i/system_i/xadc/inst/INTR_CTRLR_GEN_I.ip2bus_wrack_reg/C
                               i_ps/system_i/system_i/axi_protocol_converter_0/inst/gen_axilite.gen_b2s_conv.axilite_b2s/WR.aw_channel_0/cmd_translator_0/incr_cmd_0/axlen_cnt_reg[6]/CE
                                                              0.187         
i_ps/system_i/system_i/xadc/inst/INTR_CTRLR_GEN_I.ip2bus_wrack_reg/C
                               i_ps/system_i/system_i/axi_protocol_converter_0/inst/gen_axilite.gen_b2s_conv.axilite_b2s/WR.aw_channel_0/cmd_translator_0/incr_cmd_0/axlen_cnt_reg[7]/CE
                                                              0.187         
i_ps/system_i/system_i/processing_system7/inst/PS7_i/MAXIGP1ACLK
                               i_ps/system_i/system_i/xadc/inst/INTR_CTRLR_GEN_I.ip2bus_wrack_reg/D
                                                              0.188         
i_ps/system_i/system_i/xadc/inst/INTR_CTRLR_GEN_I.ip2bus_rdack_reg/C
                               i_ps/system_i/system_i/axi_protocol_converter_0/inst/gen_axilite.gen_b2s_conv.axilite_b2s/RD.ar_channel_0/cmd_translator_0/s_axburst_eq0_reg/D
                                                              0.193         
i_ps/system_i/system_i/axi_protocol_converter_0/inst/gen_axilite.gen_b2s_conv.axilite_b2s/RD.ar_channel_0/cmd_translator_0/wrap_cmd_0/sel_first_reg/C
                               i_ps/system_i/system_i/xadc/inst/AXI_LITE_IPIF_I/I_SLAVE_ATTACHMENT/I_DECODER/GEN_BKEND_CE_REGISTERS[10].ce_out_i_reg[10]/D
                                                              0.196         
i_ps/system_i/system_i/axi_protocol_converter_0/inst/gen_axilite.gen_b2s_conv.axilite_b2s/SI_REG/ar.ar_pipe/m_payload_i_reg[5]/C
                               i_ps/system_i/system_i/xadc/inst/AXI_XADC_CORE_I/XADC_INST/DADDR[3]
                                                              0.198         
i_ps/system_i/system_i/axi_protocol_converter_0/inst/gen_axilite.gen_b2s_conv.axilite_b2s/SI_REG/ar.ar_pipe/m_payload_i_reg[36]/C
                               i_ps/system_i/system_i/axi_protocol_converter_0/inst/gen_axilite.gen_b2s_conv.axilite_b2s/RD.ar_channel_0/cmd_translator_0/wrap_cmd_0/wrap_second_len_r_reg[0]/D
                                                              0.202         
i_ps/system_i/system_i/xadc/inst/INTR_CTRLR_GEN_I.ip2bus_wrack_reg/C
                               i_ps/system_i/system_i/axi_protocol_converter_0/inst/gen_axilite.gen_b2s_conv.axilite_b2s/WR.aw_channel_0/cmd_translator_0/incr_cmd_0/axaddr_incr_reg[0]/CE
                                                              0.203         
i_ps/system_i/system_i/xadc/inst/INTR_CTRLR_GEN_I.ip2bus_wrack_reg/C
                               i_ps/system_i/system_i/axi_protocol_converter_0/inst/gen_axilite.gen_b2s_conv.axilite_b2s/WR.aw_channel_0/cmd_translator_0/incr_cmd_0/axaddr_incr_reg[1]/CE
                                                              0.203         
i_ps/system_i/system_i/xadc/inst/INTR_CTRLR_GEN_I.ip2bus_wrack_reg/C
                               i_ps/system_i/system_i/axi_protocol_converter_0/inst/gen_axilite.gen_b2s_conv.axilite_b2s/WR.aw_channel_0/cmd_translator_0/incr_cmd_0/axaddr_incr_reg[2]/CE
                                                              0.203         
i_ps/system_i/system_i/xadc/inst/INTR_CTRLR_GEN_I.ip2bus_wrack_reg/C
                               i_ps/system_i/system_i/axi_protocol_converter_0/inst/gen_axilite.gen_b2s_conv.axilite_b2s/WR.aw_channel_0/cmd_translator_0/incr_cmd_0/axaddr_incr_reg[3]/CE
                                                              0.203         
pwm_rstn_reg/C                 pwm[1]/pwm_o_reg/R             0.204         
i_ps/system_i/system_i/axi_protocol_converter_0/inst/gen_axilite.gen_b2s_conv.axilite_b2s/SI_REG/ar.ar_pipe/m_payload_i_reg[5]/C
                               i_ps/system_i/system_i/xadc/inst/AXI_LITE_IPIF_I/I_SLAVE_ATTACHMENT/I_DECODER/GEN_BKEND_CE_REGISTERS[7].ce_out_i_reg[7]/D
                                                              0.213         
i_ps/system_i/system_i/xadc/inst/INTR_CTRLR_GEN_I.ip2bus_wrack_reg/C
                               i_ps/system_i/system_i/axi_protocol_converter_0/inst/gen_axilite.gen_b2s_conv.axilite_b2s/WR.aw_channel_0/cmd_translator_0/incr_cmd_0/axaddr_incr_reg[5]/D
                                                              0.228         
i_ps/system_i/system_i/axi_protocol_converter_0/inst/gen_axilite.gen_b2s_conv.axilite_b2s/WR.b_channel_0/bid_fifo_0/memory_reg[3][1]_srl4/CLK
                               i_ps/system_i/system_i/axi_protocol_converter_0/inst/gen_axilite.gen_b2s_conv.axilite_b2s/WR.b_channel_0/bresp_fifo_0/cnt_read_reg[0]/CE
                                                              0.231         
i_ps/system_i/system_i/axi_protocol_converter_0/inst/gen_axilite.gen_b2s_conv.axilite_b2s/WR.b_channel_0/bid_fifo_0/memory_reg[3][1]_srl4/CLK
                               i_ps/system_i/system_i/axi_protocol_converter_0/inst/gen_axilite.gen_b2s_conv.axilite_b2s/WR.b_channel_0/bresp_fifo_0/cnt_read_reg[1]/CE
                                                              0.231         
i_ps/system_i/system_i/xadc/inst/INTR_CTRLR_GEN_I.ip2bus_wrack_reg/C
                               i_ps/system_i/system_i/axi_protocol_converter_0/inst/gen_axilite.gen_b2s_conv.axilite_b2s/WR.aw_channel_0/cmd_translator_0/incr_cmd_0/axaddr_incr_reg[6]/D
                                                              0.232         
i_ps/system_i/system_i/axi_protocol_converter_0/inst/gen_axilite.gen_b2s_conv.axilite_b2s/RD.ar_channel_0/cmd_translator_0/wrap_cmd_0/sel_first_reg/C
                               i_ps/system_i/system_i/xadc/inst/AXI_LITE_IPIF_I/I_SLAVE_ATTACHMENT/I_DECODER/GEN_BKEND_CE_REGISTERS[19].ce_out_i_reg[19]/D
                                                              0.232         
i_ps/system_i/system_i/xadc/inst/INTR_CTRLR_GEN_I.ip2bus_rdack_reg/C
                               i_ps/system_i/system_i/axi_protocol_converter_0/inst/gen_axilite.gen_b2s_conv.axilite_b2s/RD.ar_channel_0/cmd_translator_0/incr_cmd_0/axaddr_incr_reg[6]/D
                                                              0.234         
i_ps/system_i/system_i/xadc/inst/INTR_CTRLR_GEN_I.ip2bus_rdack_reg/C
                               i_ps/system_i/system_i/axi_protocol_converter_0/inst/gen_axilite.gen_b2s_conv.axilite_b2s/RD.ar_channel_0/cmd_translator_0/s_axburst_eq1_reg/D
                                                              0.242         
i_ps/system_i/system_i/axi_protocol_converter_0/inst/gen_axilite.gen_b2s_conv.axilite_b2s/RD.ar_channel_0/cmd_translator_0/wrap_cmd_0/sel_first_reg/C
                               i_ps/system_i/system_i/xadc/inst/AXI_XADC_CORE_I/XADC_INST/DADDR[6]
                                                              0.245         
i_ps/system_i/system_i/xadc/inst/INTR_CTRLR_GEN_I.ip2bus_wrack_reg/C
                               i_ps/system_i/system_i/axi_protocol_converter_0/inst/gen_axilite.gen_b2s_conv.axilite_b2s/WR.aw_channel_0/cmd_translator_0/incr_cmd_0/axaddr_incr_reg[8]/D
                                                              0.253         
i_ps/system_i/system_i/processing_system7/inst/PS7_i/MAXIGP1ACLK
                               i_ps/system_i/system_i/xadc/inst/INTR_CTRLR_GEN_I.INTERRUPT_CONTROL_I/GEN_IP_IRPT_STATUS_REG[9].GEN_REG_STATUS.ip_irpt_status_reg_reg[9]/D
                                                              0.257         
i_ps/system_i/system_i/axi_protocol_converter_0/inst/gen_axilite.gen_b2s_conv.axilite_b2s/RD.ar_channel_0/cmd_translator_0/wrap_cmd_0/sel_first_reg/C
                               i_ps/system_i/system_i/xadc/inst/AXI_LITE_IPIF_I/I_SLAVE_ATTACHMENT/I_DECODER/GEN_BKEND_CE_REGISTERS[12].ce_out_i_reg[12]/D
                                                              0.259         
dac_rst_reg/C                  oddr_dac_dat[8]/R              0.262         
pwm_rstn_reg/C                 pwm[0]/pwm_o_reg/R             0.263         
i_ps/system_i/system_i/axi_protocol_converter_0/inst/gen_axilite.gen_b2s_conv.axilite_b2s/SI_REG/ar.ar_pipe/m_payload_i_reg[5]/C
                               i_ps/system_i/system_i/xadc/inst/AXI_LITE_IPIF_I/I_SLAVE_ATTACHMENT/I_DECODER/GEN_BKEND_CE_REGISTERS[1].ce_out_i_reg[1]/D
                                                              0.268         
i_ps/system_i/system_i/axi_protocol_converter_0/inst/gen_axilite.gen_b2s_conv.axilite_b2s/SI_REG/ar.ar_pipe/m_payload_i_reg[5]/C
                               i_ps/system_i/system_i/xadc/inst/AXI_LITE_IPIF_I/I_SLAVE_ATTACHMENT/I_DECODER/GEN_BKEND_CE_REGISTERS[5].ce_out_i_reg[5]/D
                                                              0.273         
i_ps/system_i/system_i/xadc/inst/INTR_CTRLR_GEN_I.ip2bus_wrack_reg/C
                               i_ps/system_i/system_i/axi_protocol_converter_0/inst/gen_axilite.gen_b2s_conv.axilite_b2s/WR.aw_channel_0/cmd_translator_0/incr_cmd_0/axaddr_incr_reg[7]/D
                                                              0.273         
i_ps/system_i/system_i/xadc/inst/INTR_CTRLR_GEN_I.ip2bus_wrack_reg/C
                               i_ps/system_i/system_i/axi_protocol_converter_0/inst/gen_axilite.gen_b2s_conv.axilite_b2s/WR.aw_channel_0/cmd_translator_0/incr_cmd_0/axaddr_incr_reg[11]/D
                                                              0.273         
pwm[3]/vcnt_reg[6]/C           pwm[3]/b_reg[10]/CE            0.273         
pwm[3]/vcnt_reg[6]/C           pwm[3]/b_reg[7]/CE             0.273         
pwm[3]/vcnt_reg[6]/C           pwm[3]/b_reg[8]/CE             0.273         
pwm[3]/vcnt_reg[6]/C           pwm[3]/b_reg[9]/CE             0.273         
i_ps/system_i/system_i/axi_protocol_converter_0/inst/gen_axilite.gen_b2s_conv.axilite_b2s/SI_REG/ar.ar_pipe/m_payload_i_reg[5]/C
                               i_ps/system_i/system_i/xadc/inst/AXI_LITE_IPIF_I/I_SLAVE_ATTACHMENT/I_DECODER/GEN_BKEND_CE_REGISTERS[0].ce_out_i_reg[0]/D
                                                              0.280         
i_ps/system_i/system_i/xadc/inst/INTR_CTRLR_GEN_I.ip2bus_rdack_reg/C
                               i_ps/system_i/system_i/axi_protocol_converter_0/inst/gen_axilite.gen_b2s_conv.axilite_b2s/RD.ar_channel_0/cmd_translator_0/incr_cmd_0/axaddr_incr_reg[10]/D
                                                              0.284         
i_ps/system_i/system_i/xadc/inst/INTR_CTRLR_GEN_I.ip2bus_rdack_reg/C
                               i_ps/system_i/system_i/axi_protocol_converter_0/inst/gen_axilite.gen_b2s_conv.axilite_b2s/RD.ar_channel_0/cmd_translator_0/incr_cmd_0/axlen_cnt_reg[5]/CE
                                                              0.286         
pwm_rstn_reg/C                 pwm[2]/pwm_o_reg/R             0.288         
i_ps/system_i/system_i/processing_system7/inst/PS7_i/MAXIGP1ACLK
                               i_ps/system_i/system_i/xadc/inst/INTR_CTRLR_GEN_I.INTERRUPT_CONTROL_I/GEN_IP_IRPT_STATUS_REG[12].GEN_REG_STATUS.ip_irpt_status_reg_reg[12]/D
                                                              0.290         
i_ps/system_i/system_i/xadc/inst/INTR_CTRLR_GEN_I.ip2bus_wrack_reg/C
                               i_ps/system_i/system_i/axi_protocol_converter_0/inst/gen_axilite.gen_b2s_conv.axilite_b2s/WR.aw_channel_0/cmd_translator_0/incr_cmd_0/axaddr_incr_reg[4]/CE
                                                              0.293         
i_ps/system_i/system_i/xadc/inst/INTR_CTRLR_GEN_I.ip2bus_wrack_reg/C
                               i_ps/system_i/system_i/axi_protocol_converter_0/inst/gen_axilite.gen_b2s_conv.axilite_b2s/WR.aw_channel_0/cmd_translator_0/incr_cmd_0/axaddr_incr_reg[7]/CE
                                                              0.293         
i_ps/system_i/system_i/xadc/inst/INTR_CTRLR_GEN_I.ip2bus_rdack_reg/C
                               i_ps/system_i/system_i/axi_protocol_converter_0/inst/gen_axilite.gen_b2s_conv.axilite_b2s/RD.ar_channel_0/cmd_translator_0/wrap_cmd_0/next_pending_r_reg/D
                                                              0.296         
i_ps/system_i/system_i/processing_system7/inst/PS7_i/MAXIGP1ACLK
                               i_ps/system_i/system_i/xadc/inst/INTR_CTRLR_GEN_I.INTERRUPT_CONTROL_I/ip_irpt_enable_reg_reg[0]/CE
                                                              0.309         
i_ps/system_i/system_i/processing_system7/inst/PS7_i/MAXIGP1ACLK
                               i_ps/system_i/system_i/xadc/inst/INTR_CTRLR_GEN_I.INTERRUPT_CONTROL_I/ip_irpt_enable_reg_reg[10]/CE
                                                              0.309         
i_ps/system_i/system_i/processing_system7/inst/PS7_i/MAXIGP1ACLK
                               i_ps/system_i/system_i/xadc/inst/INTR_CTRLR_GEN_I.INTERRUPT_CONTROL_I/ip_irpt_enable_reg_reg[15]/CE
                                                              0.309         
i_ps/system_i/system_i/processing_system7/inst/PS7_i/MAXIGP1ACLK
                               i_ps/system_i/system_i/xadc/inst/INTR_CTRLR_GEN_I.INTERRUPT_CONTROL_I/ip_irpt_enable_reg_reg[16]/CE
                                                              0.309         
i_ps/system_i/system_i/processing_system7/inst/PS7_i/MAXIGP1ACLK
                               i_ps/system_i/system_i/xadc/inst/INTR_CTRLR_GEN_I.INTERRUPT_CONTROL_I/ip_irpt_enable_reg_reg[3]/CE
                                                              0.309         
i_ps/system_i/system_i/processing_system7/inst/PS7_i/MAXIGP1ACLK
                               i_ps/system_i/system_i/xadc/inst/INTR_CTRLR_GEN_I.INTERRUPT_CONTROL_I/ip_irpt_enable_reg_reg[8]/CE
                                                              0.309         
i_ps/system_i/system_i/xadc/inst/INTR_CTRLR_GEN_I.ip2bus_wrack_reg/C
                               i_ps/system_i/system_i/axi_protocol_converter_0/inst/gen_axilite.gen_b2s_conv.axilite_b2s/WR.aw_channel_0/cmd_translator_0/wrap_cmd_0/axlen_cnt_reg[0]/CE
                                                              0.312         
i_ps/system_i/system_i/xadc/inst/INTR_CTRLR_GEN_I.ip2bus_wrack_reg/C
                               i_ps/system_i/system_i/axi_protocol_converter_0/inst/gen_axilite.gen_b2s_conv.axilite_b2s/WR.aw_channel_0/cmd_translator_0/wrap_cmd_0/axlen_cnt_reg[1]/CE
                                                              0.312         
i_ps/system_i/system_i/xadc/inst/INTR_CTRLR_GEN_I.ip2bus_wrack_reg/C
                               i_ps/system_i/system_i/axi_protocol_converter_0/inst/gen_axilite.gen_b2s_conv.axilite_b2s/WR.aw_channel_0/cmd_translator_0/wrap_cmd_0/axlen_cnt_reg[2]/CE
                                                              0.312         
i_ps/system_i/system_i/xadc/inst/INTR_CTRLR_GEN_I.ip2bus_wrack_reg/C
                               i_ps/system_i/system_i/axi_protocol_converter_0/inst/gen_axilite.gen_b2s_conv.axilite_b2s/WR.aw_channel_0/cmd_translator_0/wrap_cmd_0/axlen_cnt_reg[3]/CE
                                                              0.312         
i_ps/system_i/system_i/processing_system7/inst/PS7_i/MAXIGP1ACLK
                               i_ps/system_i/system_i/xadc/inst/AXI_XADC_CORE_I/hard_macro_rst_reg_reg/D
                                                              0.318         
i_ps/system_i/system_i/xadc/inst/INTR_CTRLR_GEN_I.ip2bus_rdack_reg/C
                               i_ps/system_i/system_i/axi_protocol_converter_0/inst/gen_axilite.gen_b2s_conv.axilite_b2s/RD.ar_channel_0/cmd_translator_0/incr_cmd_0/axaddr_incr_reg[11]/D
                                                              0.324         
dac_rst_reg/C                  oddr_dac_sel/R                 0.325         
pwm[3]/vcnt_reg[4]/C           pwm[3]/v_reg[0]/CE             0.326         
pwm[3]/vcnt_reg[4]/C           pwm[3]/v_reg[1]/CE             0.326         
pwm[3]/vcnt_reg[4]/C           pwm[3]/v_reg[2]/CE             0.326         
pwm[3]/vcnt_reg[4]/C           pwm[3]/v_reg[3]/CE             0.326         
pwm[3]/vcnt_reg[4]/C           pwm[3]/v_reg[4]/CE             0.326         
pwm[3]/vcnt_reg[4]/C           pwm[3]/v_reg[5]/CE             0.326         
pwm[3]/vcnt_reg[4]/C           pwm[3]/v_reg[6]/CE             0.326         
pwm[3]/vcnt_reg[4]/C           pwm[3]/v_reg[7]/CE             0.326         
i_ps/system_i/system_i/axi_protocol_converter_0/inst/gen_axilite.gen_b2s_conv.axilite_b2s/RD.ar_channel_0/cmd_translator_0/wrap_cmd_0/sel_first_reg/C
                               i_ps/system_i/system_i/xadc/inst/AXI_LITE_IPIF_I/I_SLAVE_ATTACHMENT/I_DECODER/GEN_BKEND_CE_REGISTERS[23].ce_out_i_reg[23]/D
                                                              0.329         
i_ps/system_i/system_i/axi_protocol_converter_0/inst/gen_axilite.gen_b2s_conv.axilite_b2s/RD.r_channel_0/rd_data_fifo_0/cnt_read_reg[4]/C
                               i_ps/system_i/system_i/xadc/inst/AXI_LITE_IPIF_I/I_SLAVE_ATTACHMENT/INCLUDE_DPHASE_TIMER.dpto_cnt_reg[6]/CE
                                                              0.330         
dac_rst_reg/C                  oddr_dac_dat[9]/R              0.333         
i_ps/system_i/system_i/axi_protocol_converter_0/inst/gen_axilite.gen_b2s_conv.axilite_b2s/RD.ar_channel_0/cmd_translator_0/wrap_cmd_0/sel_first_reg/C
                               i_ps/system_i/system_i/xadc/inst/AXI_LITE_IPIF_I/I_SLAVE_ATTACHMENT/I_DECODER/GEN_BKEND_CE_REGISTERS[15].ce_out_i_reg[15]/D
                                                              0.335         
i_ps/system_i/system_i/axi_protocol_converter_0/inst/gen_axilite.gen_b2s_conv.axilite_b2s/RD.ar_channel_0/cmd_translator_0/wrap_cmd_0/sel_first_reg/C
                               i_ps/system_i/system_i/xadc/inst/AXI_LITE_IPIF_I/I_SLAVE_ATTACHMENT/I_DECODER/GEN_BKEND_CE_REGISTERS[11].ce_out_i_reg[11]/D
                                                              0.336         
i_ps/system_i/system_i/axi_protocol_converter_0/inst/gen_axilite.gen_b2s_conv.axilite_b2s/SI_REG/ar.ar_pipe/m_payload_i_reg[5]/C
                               i_ps/system_i/system_i/xadc/inst/AXI_LITE_IPIF_I/I_SLAVE_ATTACHMENT/I_DECODER/GEN_BKEND_CE_REGISTERS[2].ce_out_i_reg[2]/D
                                                              0.337         
i_ps/system_i/system_i/xadc/inst/INTR_CTRLR_GEN_I.ip2bus_wrack_reg/C
                               i_ps/system_i/system_i/axi_protocol_converter_0/inst/gen_axilite.gen_b2s_conv.axilite_b2s/WR.aw_channel_0/cmd_translator_0/incr_cmd_0/axaddr_incr_reg[10]/CE
                                                              0.343         
i_ps/system_i/system_i/xadc/inst/INTR_CTRLR_GEN_I.ip2bus_wrack_reg/C
                               i_ps/system_i/system_i/axi_protocol_converter_0/inst/gen_axilite.gen_b2s_conv.axilite_b2s/WR.aw_channel_0/cmd_translator_0/incr_cmd_0/axaddr_incr_reg[6]/CE
                                                              0.343         
i_ps/system_i/system_i/xadc/inst/INTR_CTRLR_GEN_I.ip2bus_wrack_reg/C
                               i_ps/system_i/system_i/axi_protocol_converter_0/inst/gen_axilite.gen_b2s_conv.axilite_b2s/WR.aw_channel_0/cmd_translator_0/incr_cmd_0/axaddr_incr_reg[8]/CE
                                                              0.343         
i_ps/system_i/system_i/xadc/inst/INTR_CTRLR_GEN_I.ip2bus_wrack_reg/C
                               i_ps/system_i/system_i/axi_protocol_converter_0/inst/gen_axilite.gen_b2s_conv.axilite_b2s/WR.aw_channel_0/cmd_translator_0/incr_cmd_0/axaddr_incr_reg[9]/CE
                                                              0.343         
pwm[3]/vcnt_reg[6]/C           pwm[3]/b_reg[1]/CE             0.354         
pwm[3]/vcnt_reg[6]/C           pwm[3]/b_reg[2]/CE             0.354         
pwm[3]/vcnt_reg[6]/C           pwm[3]/b_reg[3]/CE             0.354         
i_ps/system_i/system_i/axi_protocol_converter_0/inst/gen_axilite.gen_b2s_conv.axilite_b2s/RD.ar_channel_0/cmd_translator_0/wrap_cmd_0/sel_first_reg/C
                               i_ps/system_i/system_i/xadc/inst/AXI_LITE_IPIF_I/I_SLAVE_ATTACHMENT/I_DECODER/GEN_BKEND_CE_REGISTERS[17].ce_out_i_reg[17]/D
                                                              0.357         
i_ps/system_i/system_i/axi_protocol_converter_0/inst/gen_axilite.gen_b2s_conv.axilite_b2s/RD.r_channel_0/transaction_fifo_0/cnt_read_reg[2]/C
                               i_ps/system_i/system_i/axi_protocol_converter_0/inst/gen_axilite.gen_b2s_conv.axilite_b2s/RD.r_channel_0/transaction_fifo_0/cnt_read_reg[4]/CE
                                                              0.362         
i_ps/system_i/system_i/xadc/inst/INTR_CTRLR_GEN_I.ip2bus_rdack_reg/C
                               i_ps/system_i/system_i/axi_protocol_converter_0/inst/gen_axilite.gen_b2s_conv.axilite_b2s/RD.ar_channel_0/cmd_translator_0/incr_cmd_0/axlen_cnt_reg[0]/CE
                                                              0.364         
i_ps/system_i/system_i/xadc/inst/INTR_CTRLR_GEN_I.ip2bus_rdack_reg/C
                               i_ps/system_i/system_i/axi_protocol_converter_0/inst/gen_axilite.gen_b2s_conv.axilite_b2s/RD.ar_channel_0/cmd_translator_0/incr_cmd_0/axlen_cnt_reg[1]/CE
                                                              0.364         
i_ps/system_i/system_i/xadc/inst/INTR_CTRLR_GEN_I.ip2bus_rdack_reg/C
                               i_ps/system_i/system_i/axi_protocol_converter_0/inst/gen_axilite.gen_b2s_conv.axilite_b2s/RD.ar_channel_0/cmd_translator_0/incr_cmd_0/axlen_cnt_reg[2]/CE
                                                              0.364         
i_ps/system_i/system_i/xadc/inst/INTR_CTRLR_GEN_I.ip2bus_rdack_reg/C
                               i_ps/system_i/system_i/axi_protocol_converter_0/inst/gen_axilite.gen_b2s_conv.axilite_b2s/RD.ar_channel_0/cmd_translator_0/incr_cmd_0/axlen_cnt_reg[3]/CE
                                                              0.364         
i_ps/system_i/system_i/axi_protocol_converter_0/inst/gen_axilite.gen_b2s_conv.axilite_b2s/RD.ar_channel_0/cmd_translator_0/wrap_cmd_0/sel_first_reg/C
                               i_ps/system_i/system_i/xadc/inst/AXI_LITE_IPIF_I/I_SLAVE_ATTACHMENT/I_DECODER/GEN_BKEND_CE_REGISTERS[13].ce_out_i_reg[13]/D
                                                              0.371         
pwm[2]/bcnt_reg[0]/C           pwm[2]/v_reg[0]/CE             0.408         
pwm[2]/bcnt_reg[0]/C           pwm[2]/v_reg[2]/CE             0.408         
pwm[2]/bcnt_reg[0]/C           pwm[2]/v_reg[7]/CE             0.408         
pwm[2]/bcnt_reg[0]/C           pwm[2]/v_reg[1]/CE             0.465         
pwm[2]/bcnt_reg[0]/C           pwm[2]/v_reg[3]/CE             0.465         
pwm[2]/bcnt_reg[0]/C           pwm[2]/v_reg[4]/CE             0.465         
pwm[2]/bcnt_reg[0]/C           pwm[2]/v_reg[5]/CE             0.465         
pwm[2]/bcnt_reg[0]/C           pwm[2]/v_reg[6]/CE             0.465         
pwm[3]/vcnt_reg[6]/C           pwm[3]/b_reg[4]/CE             0.478         
pwm[3]/vcnt_reg[6]/C           pwm[3]/b_reg[5]/CE             0.478         
pwm[3]/vcnt_reg[6]/C           pwm[3]/b_reg[6]/CE             0.478         
pwm_rstn_reg/C                 pwm[1]/vcnt_reg[2]/R           0.481         
pwm_rstn_reg/C                 pwm[1]/vcnt_reg[6]/R           0.481         
pwm_rstn_reg/C                 pwm[3]/pwm_o_reg/R             0.497         
dac_rst_reg/C                  oddr_dac_dat[12]/R             0.498         
pwm[3]/vcnt_reg[6]/C           pwm[3]/b_reg[11]/CE            0.499         
pwm[3]/vcnt_reg[6]/C           pwm[3]/b_reg[12]/CE            0.499         
dac_dat_a_reg[0]/C             oddr_dac_dat[0]/D2             0.529         
dac_rst_reg/C                  oddr_dac_dat[1]/R              0.576         
pwm_rstn_reg/C                 pwm[1]/vcnt_reg[1]/R           0.582         
pwm_rstn_reg/C                 pwm[1]/vcnt_reg[3]/R           0.582         
pwm_rstn_reg/C                 pwm[1]/vcnt_reg[4]/R           0.582         
pwm_rstn_reg/C                 pwm[1]/vcnt_reg[5]/R           0.582         
pwm_rstn_reg/C                 pwm[1]/vcnt_reg[7]/R           0.582         
pwm[3]/vcnt_reg[6]/C           pwm[3]/b_reg[13]/CE            0.595         
pwm_rstn_reg/C                 pwm[2]/vcnt_reg[5]/R           0.615         
pwm_rstn_reg/C                 pwm[2]/vcnt_reg[6]/CE          0.621         
dac_rst_reg/C                  oddr_dac_dat[13]/R             0.628         
pwm[3]/vcnt_reg[4]/C           pwm[3]/vcnt_reg[6]/D           0.630         
dac_rst_reg/C                  oddr_dac_dat[3]/R              0.662         
pwm_rstn_reg/C                 pwm[2]/vcnt_reg[1]/R           0.665         
pwm_rstn_reg/C                 pwm[2]/b_reg[4]/CE             0.709         
pwm_rstn_reg/C                 pwm[2]/b_reg[5]/CE             0.709         
pwm_rstn_reg/C                 pwm[2]/b_reg[6]/CE             0.709         
pwm_rstn_reg/C                 pwm[2]/vcnt_reg[7]/R           0.710         
pwm_rstn_reg/C                 pwm[2]/b_reg[7]/CE             0.716         
pwm_rstn_reg/C                 pwm[2]/b_reg[8]/CE             0.716         
pwm_rstn_reg/C                 pwm[1]/vcnt_reg[0]/R           0.720         
pwm_rstn_reg/C                 pwm[2]/b_reg[2]/CE             0.726         
pwm_rstn_reg/C                 pwm[2]/b_reg[3]/CE             0.726         
pwm_rstn_reg/C                 pwm[2]/bcnt_reg[0]/CE          0.736         
pwm_rstn_reg/C                 pwm[2]/bcnt_reg[1]/CE          0.736         
pwm_rstn_reg/C                 pwm[2]/bcnt_reg[2]/CE          0.736         
pwm_rstn_reg/C                 pwm[2]/bcnt_reg[3]/CE          0.736         
pwm_rstn_reg/C                 pwm[1]/vcnt_reg[1]/CE          0.745         
pwm_rstn_reg/C                 pwm[1]/vcnt_reg[3]/CE          0.745         
pwm_rstn_reg/C                 pwm[1]/vcnt_reg[4]/CE          0.745         
pwm_rstn_reg/C                 pwm[1]/vcnt_reg[5]/CE          0.745         
pwm_rstn_reg/C                 pwm[1]/vcnt_reg[7]/CE          0.745         
pwm_rstn_reg/C                 pwm[0]/vcnt_reg[1]/R           0.759         
pwm_rstn_reg/C                 pwm[0]/vcnt_reg[5]/R           0.759         
pwm_rstn_reg/C                 pwm[0]/vcnt_reg[7]/R           0.759         
pwm_rstn_reg/C                 pwm[0]/vcnt_reg[3]/R           0.790         
pwm_rstn_reg/C                 pwm[0]/vcnt_reg[4]/R           0.790         
pwm_rstn_reg/C                 pwm[0]/vcnt_reg[0]/R           0.794         
i_lock/pwm_cfg_d_reg[6]/C      pwm[3]/b_reg[6]/D              0.810         
pwm_rstn_reg/C                 pwm[2]/bcnt_reg[0]/R           0.818         
pwm_rstn_reg/C                 pwm[2]/bcnt_reg[1]/R           0.818         
pwm_rstn_reg/C                 pwm[2]/bcnt_reg[2]/R           0.818         
pwm_rstn_reg/C                 pwm[2]/bcnt_reg[3]/R           0.818         
pwm_rstn_reg/C                 pwm[3]/vcnt_reg[4]/R           0.820         
pwm_rstn_reg/C                 pwm[3]/vcnt_reg[0]/R           0.824         
pwm_rstn_reg/C                 pwm[3]/vcnt_reg[2]/R           0.824         
pwm[3]/vcnt_reg[6]/C           pwm[3]/b_reg[0]/CE             0.825         
pwm[3]/vcnt_reg[6]/C           pwm[3]/b_reg[14]/CE            0.825         
pwm[3]/vcnt_reg[6]/C           pwm[3]/b_reg[15]/CE            0.825         
pwm_rstn_reg/C                 pwm[0]/vcnt_reg[2]/R           0.841         
pwm_rstn_reg/C                 pwm[0]/vcnt_reg[6]/R           0.841         
pwm_rstn_reg/C                 pwm[2]/vcnt_reg[1]/CE          0.853         
pwm_rstn_reg/C                 pwm[2]/vcnt_reg[3]/CE          0.855         
pwm[3]/vcnt_reg[1]/C           pwm[3]/vcnt_reg[5]/CE          0.856         
pwm_rstn_reg/C                 pwm[2]/b_reg[13]/CE            0.862         
pwm_rstn_reg/C                 pwm[2]/b_reg[14]/CE            0.862         
pwm_rstn_reg/C                 pwm[2]/b_reg[15]/CE            0.862         
pwm_rstn_reg/C                 pwm[3]/vcnt_reg[1]/R           0.863         
i_lock/pwm_cfg_c_reg[15]/C     pwm[2]/b_reg[15]/D             0.865         
pwm_rstn_reg/C                 pwm[2]/vcnt_reg[6]/R           0.867         
pwm_rstn_reg/C                 pwm[2]/vcnt_reg[3]/R           0.872         
pwm_rstn_reg/C                 pwm[2]/b_reg[0]/CE             0.872         
pwm_rstn_reg/C                 pwm[2]/b_reg[1]/CE             0.872         
pwm_rstn_reg/C                 pwm[3]/vcnt_reg[7]/CE          0.874         
pwm[2]/vcnt_reg[1]/C           pwm[2]/vcnt_reg[4]/CE          0.880         
pwm_rstn_reg/C                 pwm[3]/bcnt_reg[0]/R           0.884         
dac_dat_a_reg[12]/C            oddr_dac_dat[12]/D2            1.000         
dac_dat_a_reg[1]/C             oddr_dac_dat[1]/D2             1.032         
dac_dat_a_reg[4]/C             oddr_dac_dat[4]/D2             1.240         
dac_dat_a_reg[2]/C             oddr_dac_dat[2]/D2             1.276         
dac_dat_a_reg[3]/C             oddr_dac_dat[3]/D2             1.287         
dac_dat_a_reg[10]/C            oddr_dac_dat[10]/D2            1.370         
dac_dat_a_reg[9]/C             oddr_dac_dat[9]/D2             1.471         
dac_rst_reg/C                  oddr_dac_rst/D2                1.478         
dac_dat_a_reg[8]/C             oddr_dac_dat[8]/D2             1.479         
dac_dat_a_reg[5]/C             oddr_dac_dat[5]/D2             1.574         
dac_dat_a_reg[7]/C             oddr_dac_dat[7]/D2             1.636         
dac_dat_a_reg[6]/C             oddr_dac_dat[6]/D2             1.844         
dac_dat_a_reg[11]/C            oddr_dac_dat[11]/D2            1.865         
adc_rstn_reg/C                 i_lock/i_lock_ctrl/cnt_reg[10]/CLR
                                                              2.762         
adc_rstn_reg/C                 i_lock/i_lock_ctrl/cnt_reg[11]/CLR
                                                              2.762         
adc_rstn_reg/C                 i_lock/i_lock_ctrl/cnt_reg[12]/CLR
                                                              2.762         
adc_rstn_reg/C                 i_lock/i_lock_ctrl/cnt_reg[13]/CLR
                                                              2.762         
adc_rstn_reg/C                 i_lock/i_lock_ctrl/cnt_reg[14]/CLR
                                                              2.762         
adc_rstn_reg/C                 i_lock/i_lock_ctrl/cnt_reg[7]/CLR
                                                              2.762         
adc_rstn_reg/C                 i_lock/i_lock_ctrl/cnt_reg[8]/CLR
                                                              2.762         
adc_rstn_reg/C                 i_lock/i_lock_ctrl/cnt_reg[9]/CLR
                                                              2.762         
adc_rstn_reg/C                 i_lock/i_lock_ctrl/cnt_reg[21]/CLR
                                                              3.074         
adc_rstn_reg/C                 i_lock/i_lock_ctrl/cnt_reg[22]/CLR
                                                              3.074         
adc_rstn_reg/C                 i_lock/i_lock_ctrl/cnt_reg[23]/CLR
                                                              3.074         
adc_rstn_reg/C                 i_lock/i_lock_ctrl/cnt_reg[24]/CLR
                                                              3.074         
adc_rstn_reg/C                 i_lock/i_debounce_out_of_lock/q_reg_reg[4]/CLR
                                                              3.103         
adc_rstn_reg/C                 i_lock/i_lock_ctrl/cnt_reg[15]/CLR
                                                              3.132         
adc_rstn_reg/C                 i_lock/i_lock_ctrl/cnt_reg[16]/CLR
                                                              3.132         
adc_rstn_reg/C                 i_lock/i_lock_ctrl/cnt_reg[17]/CLR
                                                              3.132         
adc_rstn_reg/C                 i_lock/i_lock_ctrl/cnt_reg[18]/CLR
                                                              3.132         
adc_rstn_reg/C                 i_lock/i_debounce_out_of_lock/q_reg_reg[0]/CLR
                                                              3.134         
adc_rstn_reg/C                 i_lock/i_debounce_out_of_lock/q_reg_reg[1]/CLR
                                                              3.134         
adc_rstn_reg/C                 i_lock/i_debounce_out_of_lock/q_reg_reg[2]/CLR
                                                              3.134         
adc_rstn_reg/C                 i_lock/i_debounce_out_of_lock/q_reg_reg[3]/CLR
                                                              3.134         
adc_rstn_reg/C                 i_lock/i_lock_ctrl/cnt_reg[20]/CLR
                                                              3.177         
adc_rstn_reg/C                 i_lock/i_lock_ctrl/cnt_reg[26]/CLR
                                                              3.177         
adc_rstn_reg/C                 i_lock/i_lock_ctrl/cnt_reg[28]/CLR
                                                              3.177         
adc_rstn_reg/C                 i_lock/i_debounce_out_of_lock/q_reg_reg[5]/CLR
                                                              3.196         
adc_rstn_reg/C                 i_lock/i_debounce_out_of_lock/q_reg_reg[6]/CLR
                                                              3.196         
adc_rstn_reg/C                 i_lock/i_debounce_out_of_lock/FSM_sequential_state_reg_reg[1]/CLR
                                                              3.200         
adc_rstn_reg/C                 i_lock/i_lock_ctrl/cnt_reg[2]/CLR
                                                              3.211         
adc_rstn_reg/C                 i_lock/i_lock_ctrl/cnt_reg[4]/CLR
                                                              3.211         
adc_rstn_reg/C                 i_lock/i_lock_ctrl/cnt_reg[6]/CLR
                                                              3.217         
adc_rstn_reg/C                 i_lock/i_lock_ctrl/cnt_reg[19]/CLR
                                                              3.219         
adc_rstn_reg/C                 i_lock/i_lock_ctrl/cnt_reg[25]/CLR
                                                              3.219         
adc_rstn_reg/C                 i_lock/i_lock_ctrl/cnt_reg[27]/CLR
                                                              3.219         
adc_rstn_reg/C                 i_lock/i_lock_ctrl/cnt_reg[1]/CLR
                                                              3.258         
adc_rstn_reg/C                 i_lock/i_lock_ctrl/cnt_reg[0]/CLR
                                                              3.284         
adc_rstn_reg/C                 i_lock/i_lock_ctrl/cnt_reg[3]/CLR
                                                              3.284         
adc_rstn_reg/C                 i_lock/i_lock_ctrl/cnt_reg[5]/CLR
                                                              3.305         
adc_rstn_reg/C                 i_lock/sys_ack_reg/CLR         3.346         
adc_rstn_reg/C                 i_lock/i_debounce_out_of_lock/FSM_sequential_state_reg_reg[0]/CLR
                                                              3.397         
dac_dat_b_reg[13]/C            oddr_dac_dat[13]/D1            4.432         
dac_dat_b_reg[2]/C             oddr_dac_dat[2]/D1             4.490         
dac_dat_b_reg[3]/C             oddr_dac_dat[3]/D1             4.731         
dac_dat_b_reg[0]/C             oddr_dac_dat[0]/D1             4.740         
dac_dat_b_reg[5]/C             oddr_dac_dat[5]/D1             4.831         
dac_dat_b_reg[4]/C             oddr_dac_dat[4]/D1             4.971         
dac_rst_reg/C                  oddr_dac_rst/D1                5.061         
dac_dat_b_reg[1]/C             oddr_dac_dat[1]/D1             5.228         
dac_dat_b_reg[12]/C            oddr_dac_dat[12]/D1            5.238         
dac_dat_b_reg[8]/C             oddr_dac_dat[8]/D1             5.284         
dac_dat_b_reg[10]/C            oddr_dac_dat[10]/D1            5.387         
dac_dat_b_reg[6]/C             oddr_dac_dat[6]/D1             5.605         
dac_dat_b_reg[11]/C            oddr_dac_dat[11]/D1            5.626         
dac_dat_b_reg[7]/C             oddr_dac_dat[7]/D1             5.983         
dac_dat_b_reg[9]/C             oddr_dac_dat[9]/D1             6.037         



