Copyright 1986-2020 Xilinx, Inc. All Rights Reserved.
----------------------------------------------------------------------------------------
| Tool Version     : Vivado v.2020.1 (lin64) Build 2902540 Wed May 27 19:54:35 MDT 2020
| Date             : Mon Dec  1 16:59:55 2025
| Host             : andi-ThinkPad-E14 running 64-bit Ubuntu 20.04.6 LTS
| Command          : report_power -file out/post_synth_power.rpt
| Design           : red_pitaya_top
| Device           : xc7z010clg400-1
| Design State     : synthesized
| Grade            : commercial
| Process          : typical
| Characterization : Production
----------------------------------------------------------------------------------------

Power Report

Table of Contents
-----------------
1. Summary
1.1 On-Chip Components
1.2 Power Supply Summary
1.3 Confidence Level
2. Settings
2.1 Environment
2.2 Clock Constraints
3. Detailed Reports
3.1 By Hierarchy

1. Summary
----------

+--------------------------+--------------+
| Total On-Chip Power (W)  | 1.953        |
| Design Power Budget (W)  | Unspecified* |
| Power Budget Margin (W)  | NA           |
| Dynamic (W)              | 1.819        |
| Device Static (W)        | 0.134        |
| Effective TJA (C/W)      | 11.5         |
| Max Ambient (C)          | 62.5         |
| Junction Temperature (C) | 47.5         |
| Confidence Level         | Low          |
| Setting File             | ---          |
| Simulation Activity File | ---          |
| Design Nets Matched      | NA           |
+--------------------------+--------------+
* Specify Design Power Budget using, set_operating_conditions -design_power_budget <value in Watts>


1.1 On-Chip Components
----------------------

+--------------------------+-----------+----------+-----------+-----------------+
| On-Chip                  | Power (W) | Used     | Available | Utilization (%) |
+--------------------------+-----------+----------+-----------+-----------------+
| Clocks                   |     0.057 |       15 |       --- |             --- |
| Slice Logic              |     0.120 |    23444 |       --- |             --- |
|   LUT as Logic           |     0.108 |    12168 |     17600 |           69.14 |
|   CARRY4                 |     0.008 |      928 |      4400 |           21.09 |
|   Register               |     0.003 |     7121 |     35200 |           20.23 |
|   LUT as Distributed RAM |    <0.001 |      152 |      6000 |            2.53 |
|   F7/F8 Muxes            |    <0.001 |      449 |     17600 |            2.55 |
|   LUT as Shift Register  |    <0.001 |       66 |      6000 |            1.10 |
|   Others                 |     0.000 |      396 |       --- |             --- |
|   BUFG                   |     0.000 |        1 |        32 |            3.13 |
| Signals                  |     0.116 |    20906 |       --- |             --- |
| Block RAM                |     0.066 |       25 |        60 |           41.67 |
| PLL                      |     0.097 |        1 |         2 |           50.00 |
| DSPs                     |     0.025 |       27 |        80 |           33.75 |
| I/O                      |     0.091 |       91 |       100 |           91.00 |
| XADC                     |     0.004 |        1 |       --- |             --- |
| PS7                      |     1.244 |        1 |       --- |             --- |
| Static Power             |     0.134 |          |           |                 |
| Total                    |     1.953 |          |           |                 |
+--------------------------+-----------+----------+-----------+-----------------+


1.2 Power Supply Summary
------------------------

+-----------+-------------+-----------+-------------+------------+-------------+-------------+------------+
| Source    | Voltage (V) | Total (A) | Dynamic (A) | Static (A) | Powerup (A) | Budget (A)  | Margin (A) |
+-----------+-------------+-----------+-------------+------------+-------------+-------------+------------+
| Vccint    |       1.000 |     0.395 |       0.386 |      0.009 |       NA    | Unspecified | NA         |
| Vccaux    |       1.800 |     0.063 |       0.054 |      0.009 |       NA    | Unspecified | NA         |
| Vcco33    |       3.300 |     0.026 |       0.025 |      0.001 |       NA    | Unspecified | NA         |
| Vcco25    |       2.500 |     0.000 |       0.000 |      0.000 |       NA    | Unspecified | NA         |
| Vcco18    |       1.800 |     0.002 |       0.001 |      0.001 |       NA    | Unspecified | NA         |
| Vcco15    |       1.500 |     0.000 |       0.000 |      0.000 |       NA    | Unspecified | NA         |
| Vcco135   |       1.350 |     0.000 |       0.000 |      0.000 |       NA    | Unspecified | NA         |
| Vcco12    |       1.200 |     0.000 |       0.000 |      0.000 |       NA    | Unspecified | NA         |
| Vccaux_io |       1.800 |     0.000 |       0.000 |      0.000 |       NA    | Unspecified | NA         |
| Vccbram   |       1.000 |     0.007 |       0.005 |      0.002 |       NA    | Unspecified | NA         |
| MGTAVcc   |       1.000 |     0.000 |       0.000 |      0.000 |       NA    | Unspecified | NA         |
| MGTAVtt   |       1.200 |     0.000 |       0.000 |      0.000 |       NA    | Unspecified | NA         |
| MGTVccaux |       1.800 |     0.000 |       0.000 |      0.000 |       NA    | Unspecified | NA         |
| Vccpint   |       1.000 |     0.665 |       0.632 |      0.033 |       NA    | Unspecified | NA         |
| Vccpaux   |       1.800 |     0.038 |       0.027 |      0.010 |       NA    | Unspecified | NA         |
| Vccpll    |       1.800 |     0.016 |       0.013 |      0.003 |       NA    | Unspecified | NA         |
| Vcco_ddr  |       1.500 |     0.356 |       0.354 |      0.002 |       NA    | Unspecified | NA         |
| Vcco_mio0 |       3.300 |     0.002 |       0.001 |      0.001 |       NA    | Unspecified | NA         |
| Vcco_mio1 |       2.500 |     0.003 |       0.002 |      0.001 |       NA    | Unspecified | NA         |
| Vccadc    |       1.800 |     0.022 |       0.002 |      0.020 |       NA    | Unspecified | NA         |
+-----------+-------------+-----------+-------------+------------+-------------+-------------+------------+


1.3 Confidence Level
--------------------

+-----------------------------+------------+--------------------------------------------------------+------------------------------------------------------------------------------------------------------------+
| User Input Data             | Confidence | Details                                                | Action                                                                                                     |
+-----------------------------+------------+--------------------------------------------------------+------------------------------------------------------------------------------------------------------------+
| Design implementation state | Low        | Design is synthesized                                  | Accuracy of the tool is not optimal until design is fully placed and routed                                |
| Clock nodes activity        | High       | User specified more than 95% of clocks                 |                                                                                                            |
| I/O nodes activity          | Low        | More than 75% of inputs are missing user specification | Provide missing input activity with simulation results or by editing the "By Resource Type -> I/Os" view   |
| Internal nodes activity     | Medium     | User specified less than 25% of internal nodes         | Provide missing internal nodes activity with simulation results or by editing the "By Resource Type" views |
| Device models               | High       | Device models are Production                           |                                                                                                            |
|                             |            |                                                        |                                                                                                            |
| Overall confidence level    | Low        |                                                        |                                                                                                            |
+-----------------------------+------------+--------------------------------------------------------+------------------------------------------------------------------------------------------------------------+


2. Settings
-----------

2.1 Environment
---------------

+-----------------------+------------------------+
| Ambient Temp (C)      | 25.0                   |
| ThetaJA (C/W)         | 11.5                   |
| Airflow (LFM)         | 250                    |
| Heat Sink             | none                   |
| ThetaSA (C/W)         | 0.0                    |
| Board Selection       | medium (10"x10")       |
| # of Board Layers     | 8to11 (8 to 11 Layers) |
| Board Temperature (C) | 25.0                   |
+-----------------------+------------------------+


2.2 Clock Constraints
---------------------

+----------------+-----------------------------------------------------------------------+-----------------+
| Clock          | Domain                                                                | Constraint (ns) |
+----------------+-----------------------------------------------------------------------+-----------------+
| adc_clk        | adc_clk_p_i                                                           |             8.0 |
| clk_fb         | pll/clk_fb                                                            |             8.0 |
| clk_fpga_0     | i_ps/system_i/system_i/processing_system7/inst/FCLK_CLK_unbuffered[0] |             8.0 |
| clk_fpga_1     | i_ps/system_i/system_i/processing_system7/inst/FCLK_CLK_unbuffered[1] |             4.0 |
| clk_fpga_2     | i_ps/system_i/system_i/processing_system7/inst/FCLK_CLK_unbuffered[2] |            20.0 |
| clk_fpga_3     | i_ps/system_i/system_i/processing_system7/inst/FCLK_CLK_unbuffered[3] |             5.0 |
| pll_adc_clk    | pll/clk_adc                                                           |             8.0 |
| pll_dac_clk_1x | pll/clk_dac_1x                                                        |             8.0 |
| pll_dac_clk_2p | pll/clk_dac_2p                                                        |             4.0 |
| pll_dac_clk_2x | pll/clk_dac_2x                                                        |             4.0 |
| pll_pwm_clk    | pll/clk_pwm                                                           |             4.0 |
| pll_ser_clk    | pll/clk_ser                                                           |             4.0 |
+----------------+-----------------------------------------------------------------------+-----------------+


3. Detailed Reports
-------------------

3.1 By Hierarchy
----------------

+---------------------------+-----------+
| Name                      | Power (W) |
+---------------------------+-----------+
| red_pitaya_top            |     1.819 |
|   i_hk                    |     0.001 |
|   i_lock                  |     0.254 |
|     i_LP_filter_cos_1f_A  |     0.005 |
|     i_LP_filter_cos_1f_B  |     0.005 |
|     i_LP_filter_cos_2f_A  |     0.005 |
|     i_LP_filter_cos_2f_B  |     0.005 |
|     i_LP_filter_cos_3f_A  |     0.005 |
|     i_LP_filter_cos_3f_B  |     0.005 |
|     i_LP_filter_cos_ref_A |     0.005 |
|     i_LP_filter_cos_ref_B |     0.005 |
|     i_LP_filter_sin_ref_A |     0.005 |
|     i_LP_filter_sin_ref_B |     0.005 |
|     i_LP_filter_sq_phas_A |     0.006 |
|     i_LP_filter_sq_phas_B |     0.006 |
|     i_LP_filter_sq_quad_A |     0.005 |
|     i_LP_filter_sq_quad_B |     0.006 |
|     i_LP_filter_sq_ref_A  |     0.006 |
|     i_LP_filter_sq_ref_B  |     0.006 |
|     i_gen_mod             |     0.014 |
|     i_gen_ramp            |     0.003 |
|     i_lock_ctrl           |     0.001 |
|     i_lock_pid_block_A    |     0.039 |
|       i_sat14_int         |     0.013 |
|       i_slope9            |     0.003 |
|     i_lock_pid_block_B    |     0.032 |
|       i_sat14_int         |     0.013 |
|       i_slope9            |     0.003 |
|     i_mult_dps_cos_1f     |     0.002 |
|       U0                  |     0.002 |
|     i_mult_dps_cos_2f     |     0.002 |
|       U0                  |     0.002 |
|     i_mult_dps_cos_3f     |     0.002 |
|       U0                  |     0.002 |
|     i_mult_dps_cos_ref    |     0.002 |
|       U0                  |     0.002 |
|     i_mult_dps_sin_ref    |     0.002 |
|       U0                  |     0.002 |
|     i_mult_dps_sq_phas    |     0.002 |
|       U0                  |     0.002 |
|     i_mult_dps_sq_ref     |     0.002 |
|       U0                  |     0.002 |
|     i_mult_error_pow      |     0.002 |
|     i_mult_slow_out3_aux  |     0.001 |
|     i_mult_slow_out4_aux  |     0.001 |
|     i_muxer5_pidA         |     0.002 |
|     i_muxer5_pidB         |     0.002 |
|     i_muxer5_scope1       |     0.002 |
|     i_muxer5_scope2       |     0.001 |
|     i_sum_2N_error_std    |     0.003 |
|     sqr_demod             |     0.010 |
|       sin_half            |     0.009 |
|     sqr_mod               |     0.010 |
|       sin_half            |     0.009 |
|   i_ps                    |     1.277 |
|     axi_master[0]         |     0.003 |
|     axi_master[1]         |     0.003 |
|     axi_slave_gp0         |     0.001 |
|     system_i              |     1.268 |
|       system_i            |     1.268 |
|   i_scope                 |     0.082 |
|     i_dfilt1_cha          |     0.009 |
|     i_dfilt1_chb          |     0.008 |
|     i_wr0                 |     0.005 |
|     i_wr1                 |     0.005 |
|   pll                     |     0.097 |
|   pwm[0]                  |     0.001 |
|   pwm[1]                  |     0.001 |
|   pwm[2]                  |     0.002 |
|   pwm[3]                  |     0.002 |
+---------------------------+-----------+


